/TANDA Tanda01  /00:00 SF1
\\radiolib\audio\LA NOCHE DE LIBRA\DESPEDIDA NOCHE DE LIBRA.mp3
PRES HORA LIBRA FM
/TIME
Jingle Libra FM 104_7






/TANDA Tanda17  /08:00 SF3
Anuncio Chile Y Sus Raices
EL RINCON DE JOSEFINA - 1
PRES HORA LIBRA FM
/TIME
Jingle Libra FM 104_7
presentacion corta






/TANDA Tanda21  /09:58 SF3
Despedida Chile Y Sus Raices 
Anuncio Asi Surgen Los Recuerdos
PRES OBISPADO
\\Radiolib\(d) datos\AUDIO\obispado\obispado dgo 25 noviembre.mp3
DES OBISPADO
PRES HORA LIBRA FM
/TIME
Jingle Libra FM 104_7








/TANDA Tanda27  /12:59 SF3
Cuña 104-7
EL RINCON DE JOSEFINA - 1
PRES HORA LIBRA FM
/time
Jingle Libra FM 104_7




/TANDA Tanda27  /13:30 SF3
Cuña 104-7
\\radiolib\audio\PUBLICIDAD\FRASE REDES SOCIALES.mp3
PRES HORA LIBRA FM
/time
\\radiolib\audio\RETORNO FRASES\FRASE DOMINGO 03.mp3





/TANDA Tanda27  /13:59 SF3
Cuña 104-7
\\radiolib\audio\PUBLICIDAD\FRASE TELETON - CAMINAR.mp3
EL RINCON DE JOSEFINA - 1
PRES HORA LIBRA FM
/time
JINGLE CORTO





/TANDA Tanda27  /14:30 SF3
Cuña 104-7
\\radiolib\audio\PUBLICIDAD\FRASE TELETON - VESTIRME.mp3
PRES HORA LIBRA FM
/time
\\radiolib\audio\RETORNO FRASES\FRASE DOMINGO 01.mp3




/TANDA Tanda27  /14:59 SF3
Cuña 104-7
EL RINCON DE JOSEFINA - 1
PRES HORA LIBRA FM
/time
\\radiolib\audio\RETORNO FRASES\FRASE DOMINGO 02.mp3



/TANDA Tanda27  /15:30 SF3
Cuña 104-7
\\radiolib\audio\PUBLICIDAD\FRASE REDES SOCIALES.mp3
\\radiolib\audio\PUBLICIDAD\FRASE TELETON - CAMINAR.mp3
PRES HORA LIBRA FM
/time
\\radiolib\audio\RETORNO FRASES\FRASE DOMINGO 03.mp3






/TANDA Tanda27  /15:59 SF3
Cuña 104-7
EL RINCON DE JOSEFINA - 1
PRES HORA LIBRA FM
/time
\\radiolib\audio\RETORNO FRASES\FRASE DOMINGO 04.mp3



/TANDA Tanda27  /16:30 SF3
Cuña 104-7
\\radiolib\audio\PUBLICIDAD\FRASE TELETON - BAÑARME.mp3
PRES HORA LIBRA FM
/time
\\radiolib\audio\RETORNO FRASES\FRASE DOMINGO 06.mp3




/TANDA Tanda27  /16:59 SF3
Cuña 104-7
EL RINCON DE JOSEFINA - 1
PRES HORA LIBRA FM
/time
\\radiolib\audio\RETORNO FRASES\FRASE DOMINGO 02.mp3



/TANDA Tanda27  /17:30 SF3
Cuña 104-7
\\radiolib\audio\PUBLICIDAD\FRASE TELETON - VESTIRME.mp3
PRES HORA LIBRA FM
/time
\\radiolib\audio\RETORNO FRASES\FRASE DOMINGO 01.mp3





/TANDA Tanda27  /17:59 SF3
Cuña 104-7
\\radiolib\audio\PUBLICIDAD\FRASE TELETON - CAMINAR.mp3
EL RINCON DE JOSEFINA - 1
PRES HORA LIBRA FM
/time
\\radiolib\audio\RETORNO FRASES\FRASE DOMINGO 04.mp3



/TANDA Tanda27  /18:30 SF3
Cuña 104-7
\\radiolib\audio\PUBLICIDAD\FRASE TELETON - BAÑARME.mp3
PRES HORA LIBRA FM
/time
\\radiolib\audio\RETORNO FRASES\FRASE DOMINGO 03.mp3





/TANDA Tanda25  /18:58 SF3
Cuña 104-7
EL RINCON DE JOSEFINA - 1
PRES HORA LIBRA FM
/TIME
Jingle Libra FM 104_7
\\Radiolib\(d) datos\AUDIO\CUÑAS SERG\01 - Presentacion Co-Auspicios CYC DOMINGO.mp3
PRES DOM CYC

