/TANDA Tanda01  /00:00 SF1
\\radiolib\audio\PUBLICIDAD\NISSAN NAVIDAD MAMA 2012.mp3
\\radiolib\audio\PUBLICIDAD\Jorge Galaz Boutique.mp3
\\radiolib\audio\PUBLICIDAD\CONFECCIONES GUS GUS.mp3
SERGIO 24
Desp dom cyc
02 - Despedida Co-Auspicios CYC DOMINGO.mp3
Cuña 104-7
PRES HORA LIBRA FM
/TIME
Jingle Libra FM 104_7



/TANDA Tanda13  /05:59SF3
Cuña 104-7
\\radiolib\audio\PUBLICIDAD\FRASE REDES SOCIALES.mp3
PRES HORA LIBRA FM
/TIME
Jingle Libra FM 104_7




/TANDA Tanda13   /06:28 SF3
Cuña 104-7
\\radiolib\audio\PUBLICIDAD\FRASE INDAP 01.mp3
\\radiolib\audio\PUBLICIDAD\CONFECCIONES GUS GUS.mp3
VENEZIA
\\radiolib\audio\PUBLICIDAD\SUZUVAL LA CALERA 01.mp3
PRES HORA LIBRA FM
/TIME
JINGLE CORTO





/TANDA Tanda13   /06:58 SF3
Cuña 104-7
\\radiolib\audio\PUBLICIDAD\FRASE INDAP 01.mp3
\\radiolib\audio\PUBLICIDAD\CONFECCIONES GUS GUS.mp3
VENEZIA
\\radiolib\audio\PUBLICIDAD\SUZUVAL LA CALERA 01.mp3
PRES HORA LIBRA FM
/TIME
JINGLE CORTO






/TANDA Tanda14   /07:28 SF3
Cuña 104-7
\\radiolib\audio\PUBLICIDAD\CLINICA SAN CRISTOBAL.mp3
\\radiolib\audio\PUBLICIDAD\GREPSA TERRAVIDA.mp3
\\radiolib\audio\PUBLICIDAD\MACHELARI 2.mp3
DISCENTRO 2
EL RINCON DE JOSEFINA
\\radiolib\audio\PUBLICIDAD\BOTILLERIA LA PROMO.mp3
\\radiolib\audio\PUBLICIDAD\CAMBIOS ACONCAGUA 01.mp3
PRES HORA LIBRA FM
/TIME
JINGLE CORTO



/TANDA Tanda15  /07:58 SF3
Cuña 104-7
EL RINCON DE JOSEFINA - 1
\\radiolib\audio\PUBLICIDAD\SII 02.mp3
\\radiolib\audio\PUBLICIDAD\CONFECCIONES GUS GUS.mp3
\\radiolib\audio\PUBLICIDAD\FRASE INDAP 01.mp3
\\radiolib\audio\PUBLICIDAD\CLINICA LOS LEONES - INSTITUCIONAL.mp3
PRES HORA LIBRA FM AVISO
/TIME
\\radiolib\audio\PUBLICIDAD\CAMBIOS ACONCAGUA 01.mp3
JINGLE CORTO





/TANDA Tanda16   /08:27 SF3
Cuña 104-7
Anuncio Mañana De Libra
\\radiolib\audio\CALERA\NOTICIA LA CALERA 01.mp3
\\radiolib\audio\PUBLICIDAD\AUTOMOTORA - APSA.mp3
\\radiolib\audio\PUBLICIDAD\SEIDEMAN.mp3
\\radiolib\audio\PUBLICIDAD\VALLE DEL ACONCAGUA_01.mp3
\\Radiolib\(d) datos\AUDIO\PUBLICIDAD\CLINICA LOS LEONES - OBESIDAD.mp3
\\radiolib\audio\PUBLICIDAD\GREPSA MARY.mp3
\\radiolib\audio\PUBLICIDAD\CLARO REGIONES.mp3
FUNERARIA ELEN CAMPOS
\\radiolib\audio\PUBLICIDAD\Seguros JM Ramirez.mp3
\\radiolib\audio\PUBLICIDAD\CENTRO RADIOLOGICO A. PINTO.mp3
\\radiolib\audio\PUBLICIDAD\FRASE REDES SOCIALES.mp3
PRES HORA LIBRA FM
/TIME
Jingle libra fm 104_7
\\Radiolib\(d) datos\AUDIO\MAÑANA LIBRA\PRESENTACION - MAÑANA DE LIBRA.mp3
\\radiolib\audio\MAÑANA LIBRA\01 - Presentacion Co-Auspicios Mañana.mp3










/TANDA Tanda17   /08:57 SF3
\\Radiolib\(d) datos\AUDIO\MAÑANA LIBRA\IDA A PAUSA - MAÑANA DE LIBRA.mp3
\\radiolib\audio\PUBLICIDAD\VALLE DEL ACONCAGUA_02.mp3
\\Radiolib\(d) datos\AUDIO\PUBLICIDAD\CLINICA LOS LEONES - URGENCIAS.mp3
CHILE MAT AGENCIA 4
\\radiolib\audio\PUBLICIDAD\CENCO QUILLOTA.mp3
ESVAL QUILLOTA
\\radiolib\audio\PUBLICIDAD\SANTA SOFIA 1.mp3
\\radiolib\audio\PUBLICIDAD\REGISTRO CIVIL 01.mp3
\\radiolib\audio\PUBLICIDAD\CLINICA SAN CRISTOBAL.mp3
\\radiolib\audio\PUBLICIDAD\SII ATENCION Y ASISTENCIA.mp3
\\radiolib\audio\PUBLICIDAD\SUZUVAL LA CALERA 03.mp3
\\radiolib\audio\PUBLICIDAD\CAMPAÑA CHILE TE INFORMA REPROGRAMACION FONDO SOLIDARIO.mp3
PRES HORA LIBRA FM AVISO
/TIME
\\radiolib\audio\PUBLICIDAD\CAMBIOS ACONCAGUA 02.mp3
\\Radiolib\(d) datos\AUDIO\MAÑANA LIBRA\RETORNO 01 - MAÑANA DE LIBRA.mp3










/TANDA Tanda18   /09:27 SF3
\\Radiolib\(d) datos\AUDIO\MAÑANA LIBRA\IDA A PAUSA - MAÑANA DE LIBRA.mp3
\\radiolib\audio\CALERA\NOTICIA LA CALERA 02.mp3
\\radiolib\audio\PUBLICIDAD\MINSAL MENINGITIS.mp3
\\radiolib\audio\PUBLICIDAD\CENCO QUILLOTA.mp3
DISCENTRO 2
\\radiolib\audio\PUBLICIDAD\GOBIERNO DE CHILE FICHA SOCIAL.mp3
\\radiolib\audio\PUBLICIDAD\CHILQUINTA.mp3
\\radiolib\audio\PUBLICIDAD\GREPSA TERRAVIDA.mp3
\\radiolib\audio\PUBLICIDAD\METAL ANA CANDIA.mp3
\\Radiolib\(d) datos\AUDIO\PUBLICIDAD\CLINICA LOS LEONES - OBESIDAD.mp3
\\radiolib\audio\PUBLICIDAD\COLEGIO LEONARDO DA VINCI.mp3
\\radiolib\audio\PUBLICIDAD\PROMO BAILABLE AÑO VUEVO.mp3
PRES HORA LIBRA FM
/TIME
\\Radiolib\(d) datos\AUDIO\RETORNO FRASES\Cuña Navidad 04.mp3
\\Radiolib\(d) datos\AUDIO\MAÑANA LIBRA\RETORNO 01 - MAÑANA DE LIBRA.mp3









/TANDA Tanda19   /09:57 SF3
\\Radiolib\(d) datos\AUDIO\MAÑANA LIBRA\IDA A PAUSA - MAÑANA DE LIBRA.mp3
\\radiolib\audio\PUBLICIDAD\CLEAN CENTER.mp3
\\radiolib\audio\PUBLICIDAD\AUTOMOTORA - APSA.mp3
\\Radiolib\(d) datos\AUDIO\PUBLICIDAD\CLINICA LOS LEONES - OBESIDAD.mp3
\\radiolib\audio\PUBLICIDAD\La casa del constructor 2.mp3
\\radiolib\audio\PUBLICIDAD\SALUDO - WALKER.mp3
\\radiolib\audio\PUBLICIDAD\DEGLI ITALIANI.mp3
\\radiolib\audio\PUBLICIDAD\CLINICA DENTAL SALUDENT.mp3
\\radiolib\audio\PUBLICIDAD\SANTA SOFIA 2.mp3
\\radiolib\audio\PUBLICIDAD\COLEGIO CAPULLITOS.mp3
\\radiolib\audio\PUBLICIDAD\VALLE DEL ACONCAGUA_03.mp3
\\radiolib\audio\PUBLICIDAD\ROSSELOT PYME.mp3
\\radiolib\audio\PUBLICIDAD\FERIA NAVIDEÑA.mp3
PUERTO IDEAS
ESVAL QUILLOTA
FUNERARIA LOS PALTOS 2
PRES HORA LIBRA FM AVISO
/TIME 
\\radiolib\audio\PUBLICIDAD\CAMBIOS ACONCAGUA 01.mp3
\\Radiolib\(d) datos\AUDIO\MAÑANA LIBRA\RETORNO 01 - MAÑANA DE LIBRA.mp3







/TANDA Tanda20   /10:27 SF3
\\Radiolib\(d) datos\AUDIO\MAÑANA LIBRA\IDA A PAUSA - MAÑANA DE LIBRA.mp3
\\radiolib\audio\MAÑANA LIBRA\02 - Despedida Co-Auspicios Mañana.mp3
\\radiolib\audio\CALERA\NOTICIA LA CALERA 03.mp3
\\radiolib\audio\PUBLICIDAD\CLARO REGIONES.mp3
\\radiolib\audio\PUBLICIDAD\GOBIERNO DE CHILE FICHA SOCIAL.mp3
\\radiolib\audio\PUBLICIDAD\BOTILLERIA LA PROMO.mp3
\\radiolib\audio\PUBLICIDAD\REGISTRO CIVIL 02.mp3
\\radiolib\audio\PUBLICIDAD\METAL ANA CANDIA.mp3
\\radiolib\audio\PUBLICIDAD\CLINICA LOS LEONES - INSTITUCIONAL.mp3
\\radiolib\audio\PUBLICIDAD\MACHELARI 2.mp3
\\radiolib\audio\PUBLICIDAD\CHILQUINTA.mp3
\\radiolib\audio\PUBLICIDAD\SEIDEMAN.mp3
\\radiolib\audio\PUBLICIDAD\CLINICA SAN CRISTOBAL.mp3
\\radiolib\audio\PUBLICIDAD\CAMBIOS ACONCAGUA 02.mp3
PRES HORA LIBRA FM
/TIME
\\Radiolib\(d) datos\AUDIO\MAÑANA LIBRA\RETORNO 01 - MAÑANA DE LIBRA.mp3
\\radiolib\audio\MAÑANA LIBRA\03 - Presentacion Co-Auspicios Mañana.mp3






/TANDA Tanda21   /10:56 SF3
\\Radiolib\(d) datos\AUDIO\MAÑANA LIBRA\IDA A PAUSA - MAÑANA DE LIBRA (2º BLOQUE).mp3
\\radiolib\audio\PUBLICIDAD\Seguros JM Ramirez.mp3
\\Radiolib\(d) datos\AUDIO\PUBLICIDAD\CLINICA LOS LEONES - OBESIDAD.mp3
\\radiolib\audio\PUBLICIDAD\SANTA SOFIA 2.mp3
\\radiolib\audio\PUBLICIDAD\CENCO QUILLOTA.mp3
\\radiolib\audio\PUBLICIDAD\SALUDO - WALKER.mp3
\\radiolib\audio\PUBLICIDAD\SII 01.mp3
\\radiolib\audio\PUBLICIDAD\SUZUVAL LA CALERA 03.mp3
\\radiolib\audio\PUBLICIDAD\GREPSA MARY.mp3
\\radiolib\audio\PUBLICIDAD\MINSAL MENINGITIS.mp3
FUNERARIA LOS PALTOS 1
\\radiolib\audio\PUBLICIDAD\GOBIERNO DE CHILE FICHA SOCIAL.mp3
\\radiolib\audio\PUBLICIDAD\CLEAN CENTER.mp3
ESVAL QUILLOTA
\\radiolib\audio\PUBLICIDAD\CAMPAÑA CHILE TE INFORMA SERVIU 02 - CAMBIO RECORRIDOS.mp3
PRES HORA LIBRA FM AVISO
/TIME
\\radiolib\audio\PUBLICIDAD\CAMBIOS ACONCAGUA 02.mp3
\\Radiolib\(d) datos\AUDIO\RETORNO FRASES\Cuña Navidad 05.mp3
\\Radiolib\(d) datos\AUDIO\MAÑANA LIBRA\RETORNO 01 - MAÑANA DE LIBRA.mp3









/TANDA Tanda22   /11:26 SF3
\\Radiolib\(d) datos\AUDIO\MAÑANA LIBRA\IDA A PAUSA - MAÑANA DE LIBRA (2º BLOQUE).mp3
\\radiolib\audio\CALERA\NOTICIA LA CALERA 04.mp3
\\radiolib\audio\PUBLICIDAD\GOBIERNO DE CHILE FICHA SOCIAL.mp3
\\radiolib\audio\PUBLICIDAD\CHILQUINTA.mp3
\\radiolib\audio\PUBLICIDAD\GOBIERNO DE CHILE FICHA SOCIAL.mp3
\\radiolib\audio\PUBLICIDAD\FERIA NAVIDEÑA.mp3
\\radiolib\audio\PUBLICIDAD\CLINICA DENTAL SALUDENT.mp3
\\radiolib\audio\PUBLICIDAD\DEGLI ITALIANI.mp3
\\radiolib\audio\PUBLICIDAD\REGISTRO CIVIL 03.mp3
\\Radiolib\(d) datos\AUDIO\PUBLICIDAD\CLINICA LOS LEONES - URGENCIAS.mp3
\\radiolib\audio\PUBLICIDAD\GREPSA TERRAVIDA.mp3
\\radiolib\audio\PUBLICIDAD\COLEGIO LEONARDO DA VINCI.mp3
DISCENTRO 2
\\radiolib\audio\PUBLICIDAD\PROMO BAILABLE AÑO VUEVO.mp3
PRES HORA LIBRA FM
/TIME
\\Radiolib\(d) datos\AUDIO\RETORNO FRASES\Cuña Navidad 06.mp3
\\Radiolib\(d) datos\AUDIO\MAÑANA LIBRA\RETORNO 01 - MAÑANA DE LIBRA.mp3








/TANDA Tanda23   /11:55 SF3
\\Radiolib\(d) datos\AUDIO\MAÑANA LIBRA\IDA A PAUSA - MAÑANA DE LIBRA (2º BLOQUE).mp3
\\Radiolib\(d) datos\AUDIO\PUBLICIDAD\SOPRAVAL 01.mp3
\\radiolib\audio\PUBLICIDAD\CLEAN CENTER.mp3
\\radiolib\audio\PUBLICIDAD\CENCO QUILLOTA.mp3
\\radiolib\audio\PUBLICIDAD\FRASE INDAP 01.mp3
\\radiolib\audio\PUBLICIDAD\SALUDO - WALKER.mp3
\\radiolib\audio\PUBLICIDAD\METAL ANA CANDIA.mp3
\\radiolib\audio\PUBLICIDAD\AUTOMOTORA - APSA.mp3
\\radiolib\audio\PUBLICIDAD\ROSSELOT PYME.mp3
\\radiolib\audio\PUBLICIDAD\DEGLI ITALIANI.mp3
\\Radiolib\(d) datos\AUDIO\PUBLICIDAD\CLINICA LOS LEONES - RESONANCIA.mp3
CHILE MAT AGENCIA 4
\\radiolib\audio\PUBLICIDAD\CLINICA SAN CRISTOBAL.mp3
esval verano 2011
\\radiolib\audio\PUBLICIDAD\CAMPAÑA CHILE TE INFORMA MENINGITIS W-135.mp3
PRES HORA LIBRA FM AVISO
/TIME
\\radiolib\audio\PUBLICIDAD\CAMBIOS ACONCAGUA 01.mp3
\\Radiolib\(d) datos\AUDIO\MAÑANA LIBRA\RETORNO 01 - MAÑANA DE LIBRA.mp3






/TANDA Tanda24   /12:27 SF3
\\Radiolib\(d) datos\AUDIO\MAÑANA LIBRA\DESPEDIDA - MAÑANA DE LIBRA.mp3
\\radiolib\audio\CALERA\NOTICIA LA CALERA 01.mp3
\\radiolib\audio\PUBLICIDAD\CENTRO RADIOLOGICO A. PINTO.mp3
\\radiolib\audio\PUBLICIDAD\DEGLI ITALIANI.mp3
\\radiolib\audio\PUBLICIDAD\SEIDEMAN.mp3
\\radiolib\audio\PUBLICIDAD\GREPSA MARY.mp3
\\radiolib\audio\PUBLICIDAD\DEL PUENTE A LA ALAMEDA 01.mp3
\\radiolib\audio\PUBLICIDAD\CAMBIOS ACONCAGUA 01.mp3
PRES HORA LIBRA FM
/TIME
Jingle libra fm 104_7





/TANDA Tanda25   /12:56 SF3
Cuña 104-7
\\Radiolib\(d) datos\AUDIO\PUBLICIDAD\CLINICA LOS LEONES - RESONANCIA.mp3
\\radiolib\audio\PUBLICIDAD\CLEAN CENTER.mp3
\\radiolib\audio\PUBLICIDAD\FRASE INDAP 01.mp3
EL RINCON DE JOSEFINA
FUNERARIA LOS PALTOS 1  
D:\AUDIO\PUBLICIDAD\La casa del constructor 2.mp3
PUERTO IDEAS
\\radiolib\audio\PUBLICIDAD\PROMO BAILABLE AÑO VUEVO.mp3
PRES HORA LIBRA FM AVISO
/TIME
\\radiolib\audio\PUBLICIDAD\CAMBIOS ACONCAGUA 02.mp3
JINGLE CORTO





/TANDA Tanda26   /13:26 SF3
Cuña 104-7
\\radiolib\audio\PUBLICIDAD\MACHELARI 2.mp3
\\radiolib\audio\PUBLICIDAD\GREPSA TERRAVIDA.mp3
\\radiolib\audio\PUBLICIDAD\CLINICA SAN CRISTOBAL.mp3
EL RINCON DE JOSEFINA - 1
Pres indi AVISO
indicadores economicos
\\radiolib\audio\PUBLICIDAD\CAMBIOS ACONCAGUA 02.mp3
PRES HORA LIBRA FM
/TIME
JINGLE CORTO





/TANDA Tanda27   /13:57 SF3
Cuña 104-7
\\radiolib\audio\PUBLICIDAD\FRASE REDES SOCIALES.mp3
\\radiolib\audio\PUBLICIDAD\BOTILLERIA LA PROMO.mp3
\\radiolib\audio\PUBLICIDAD\CHILQUINTA.mp3
\\radiolib\audio\PUBLICIDAD\AUTOMOTORA - APSA.mp3
\\radiolib\audio\PUBLICIDAD\VALLE DEL ACONCAGUA_04.mp3
\\radiolib\audio\PUBLICIDAD\VALLE DE ROMERAL.mp3
\\radiolib\audio\PUBLICIDAD\CONFECCIONES GUS GUS.mp3
\\Radiolib\(d) datos\AUDIO\PUBLICIDAD\CLINICA LOS LEONES - RESONANCIA.mp3
EL RINCON DE JOSEFINA
\\radiolib\audio\PUBLICIDAD\SALUDO - WALKER.mp3
\\radiolib\audio\PUBLICIDAD\DEGLI ITALIANI.mp3
FUNERARIA LOS PALTOS 1
PRES HORA LIBRA FM AVISO
/TIME
\\radiolib\audio\PUBLICIDAD\CAMBIOS ACONCAGUA 01.mp3
Jingle libra fm 104_7
01 - Presentacion co-auspicios t
\\Radiolib\(d) datos\AUDIO\TARDE LIBRA\PRESENTACION - TARDE DE LIBRA.mp3









/TANDA Tanda31   /14:27 SF3
\\Radiolib\(d) datos\AUDIO\TARDE LIBRA\IDA A PAUSA - TARDE DE LIBRA.mp3
\\radiolib\audio\CALERA\NOTICIA LA CALERA 02.mp3
\\radiolib\audio\PUBLICIDAD\MINSAL MENINGITIS.mp3
EL RINCON DE JOSEFINA - 1
\\radiolib\audio\PUBLICIDAD\GOBIERNO DE CHILE FICHA SOCIAL.mp3
\\radiolib\audio\PUBLICIDAD\CLARO REGIONES.mp3
\\radiolib\audio\PUBLICIDAD\REGISTRO CIVIL 01.mp3
\\radiolib\audio\PUBLICIDAD\METAL ANA CANDIA.mp3
PRES HORA LIBRA FM
/TIME
\\Radiolib\(d) datos\AUDIO\RETORNO FRASES\Cuña Navidad 07.mp3
\\Radiolib\(d) datos\AUDIO\TARDE LIBRA\RETORNO 01 - TARDE DE LIBRA.mp3







/TANDA Tanda35   /14:56 SF3
\\Radiolib\(d) datos\AUDIO\TARDE LIBRA\IDA A PAUSA - TARDE DE LIBRA.mp3
DISCENTRO 2
\\radiolib\audio\PUBLICIDAD\CONFECCIONES GUS GUS.mp3
\\Radiolib\(d) datos\AUDIO\PUBLICIDAD\CLINICA LOS LEONES - RESONANCIA.mp3
FUNERARIA ELEN CAMPOS
\\radiolib\audio\PUBLICIDAD\SALUDO - WALKER.mp3
\\radiolib\audio\PUBLICIDAD\CHILQUINTA.mp3
\\Radiolib\(d) datos\AUDIO\PUBLICIDAD\SOPRAVAL 02.mp3
\\radiolib\audio\PUBLICIDAD\SUZUVAL LA CALERA 03.mp3
\\radiolib\audio\PUBLICIDAD\SII 03.mp3
\\radiolib\audio\PUBLICIDAD\DEGLI ITALIANI.mp3
\\radiolib\audio\PUBLICIDAD\CAMPAÑA CHILE TE INFORMA SERVIU 01 - REVERSIVILIDAD.mp3
PRES HORA LIBRA FM
/TIME
\\Radiolib\(d) datos\AUDIO\RETORNO FRASES\Cuña Navidad 08.mp3
\\Radiolib\(d) datos\AUDIO\TARDE LIBRA\RETORNO 02 - TARDE DE LIBRA.mp3











/TANDA Tanda39   /15:27 SF3
\\Radiolib\(d) datos\AUDIO\TARDE LIBRA\IDA A PAUSA - TARDE DE LIBRA.mp3
\\radiolib\audio\PUBLICIDAD\CLINICA LOS LEONES - INSTITUCIONAL.mp3
\\radiolib\audio\PUBLICIDAD\GOBIERNO DE CHILE FICHA SOCIAL.mp3
\\radiolib\audio\PUBLICIDAD\FERIA NAVIDEÑA.mp3
\\radiolib\audio\PUBLICIDAD\GOBIERNO DE CHILE FICHA SOCIAL.mp3
\\radiolib\audio\PUBLICIDAD\GREPSA MARY.mp3
\\radiolib\audio\PUBLICIDAD\MINSAL MENINGITIS.mp3
\\radiolib\audio\PUBLICIDAD\PROMO BAILABLE AÑO VUEVO.mp3
PRES HORA LIBRA FM
/TIME
\\Radiolib\(d) datos\AUDIO\RETORNO FRASES\Cuña Navidad 09.mp3
\\Radiolib\(d) datos\AUDIO\TARDE LIBRA\RETORNO 03 - TARDE DE LIBRA.mp3









/TANDA Tanda43   /15:55 SF3
\\Radiolib\(d) datos\AUDIO\TARDE LIBRA\IDA A PAUSA - TARDE DE LIBRA.mp3
\\radiolib\audio\PUBLICIDAD\SANTA SOFIA 2.mp3
\\radiolib\audio\PUBLICIDAD\CONFECCIONES GUS GUS.mp3
\\radiolib\audio\PUBLICIDAD\AUTOMOTORA - APSA.mp3
\\radiolib\audio\PUBLICIDAD\CLEAN CENTER.mp3
\\radiolib\audio\PUBLICIDAD\CLINICA LOS LEONES - URGENCIAS.mp3
\\radiolib\audio\PUBLICIDAD\Seguros JM Ramirez.mp3
\\radiolib\audio\PUBLICIDAD\SALUDO - WALKER.mp3
\\radiolib\audio\PUBLICIDAD\BOTILLERIA LA PROMO.mp3
\\radiolib\audio\PUBLICIDAD\CHILQUINTA.mp3
D:\AUDIO\PUBLICIDAD\La casa del constructor 2.mp3
\\radiolib\audio\PUBLICIDAD\REGISTRO CIVIL 02.mp3
\\radiolib\audio\PUBLICIDAD\COLEGIO LEONARDO DA VINCI.mp3
\\radiolib\audio\PUBLICIDAD\CAMPAÑA CHILE TE INFORMA SERVIU 02 - CAMBIO RECORRIDOS.mp3
PRES HORA LIBRA FM AVISO
/TIME
\\radiolib\audio\PUBLICIDAD\CAMBIOS ACONCAGUA 02.mp3
\\Radiolib\(d) datos\AUDIO\RETORNO FRASES\Cuña Navidad 10.mp3
\\Radiolib\(d) datos\AUDIO\TARDE LIBRA\RETORNO 04 - TARDE DE LIBRA.mp3














/TANDA Tanda47   /16:25 SF3
\\Radiolib\(d) datos\AUDIO\TARDE LIBRA\IDA A PAUSA - TARDE DE LIBRA.mp3
\\radiolib\audio\CALERA\NOTICIA LA CALERA 03.mp3
\\radiolib\audio\PUBLICIDAD\MACHELARI 2.mp3
\\Radiolib\(d) datos\AUDIO\PUBLICIDAD\CLINICA LOS LEONES - URGENCIAS.mp3
\\radiolib\audio\PUBLICIDAD\GREPSA TERRAVIDA.mp3
\\radiolib\audio\PUBLICIDAD\CLARO REGIONES.mp3
\\radiolib\audio\PUBLICIDAD\SII ATENCION Y ASISTENCIA.mp3
\\radiolib\audio\PUBLICIDAD\CLINICA SAN CRISTOBAL.mp3
FUNERARIA LOS PALTOS 2
\\radiolib\audio\PUBLICIDAD\VALLE DEL ACONCAGUA_01.mp3
PRES HORA LIBRA FM
/TIME
\\Radiolib\(d) datos\AUDIO\RETORNO FRASES\Cuña Navidad 01.mp3
\\Radiolib\(d) datos\AUDIO\TARDE LIBRA\RETORNO 01 - TARDE DE LIBRA.mp3









/TANDA Tanda52   /16:54 SF3
\\Radiolib\(d) datos\AUDIO\TARDE LIBRA\IDA A PAUSA - TARDE DE LIBRA.mp3
\\radiolib\audio\PUBLICIDAD\FRASE REDES SOCIALES.mp3
\\radiolib\audio\PUBLICIDAD\CONFECCIONES GUS GUS.mp3
\\radiolib\audio\PUBLICIDAD\CLINICA LOS LEONES - URGENCIAS.mp3
\\radiolib\audio\PUBLICIDAD\SUZUVAL LA CALERA 02.mp3
\\radiolib\audio\PUBLICIDAD\SALUDO - WALKER.mp3
\\radiolib\audio\PUBLICIDAD\SANTA SOFIA 1.mp3
\\radiolib\audio\PUBLICIDAD\SEIDEMAN.mp3
\\radiolib\audio\PUBLICIDAD\CAMPAÑA CHILE TE INFORMA SERVIU 01 - REVERSIVILIDAD.mp3
PRES HORA LIBRA FM
/TIME
\\Radiolib\(d) datos\AUDIO\TARDE LIBRA\RETORNO 02 - TARDE DE LIBRA.mp3








/TANDA Tanda56   /17:26SF3
\\Radiolib\(d) datos\AUDIO\TARDE LIBRA\IDA A PAUSA - TARDE DE LIBRA.mp3
DISCENTRO 2
\\radiolib\audio\PUBLICIDAD\CHILQUINTA.mp3
\\radiolib\audio\PUBLICIDAD\SII ATENCION Y ASISTENCIA.mp3
\\radiolib\audio\PUBLICIDAD\COLEGIO LEONARDO DA VINCI.mp3
\\radiolib\audio\PUBLICIDAD\GREPSA MARY.mp3
\\radiolib\audio\PUBLICIDAD\REGISTRO CIVIL 03.mp3
\\radiolib\audio\PUBLICIDAD\FERIA NAVIDEÑA.mp3
CHILE MAT AGENCIA 4
\\radiolib\audio\PUBLICIDAD\CLINICA LOS LEONES - INSTITUCIONAL.mp3
PRES HORA LIBRA FM
/TIME
\\Radiolib\(d) datos\AUDIO\RETORNO FRASES\Cuña Navidad 02.mp3
\\Radiolib\(d) datos\AUDIO\TARDE LIBRA\RETORNO 03 - TARDE DE LIBRA.mp3







/TANDA Tanda60   /17:55 SF3
\\Radiolib\(d) datos\AUDIO\TARDE LIBRA\IDA A PAUSA - TARDE DE LIBRA.mp3
\\radiolib\audio\PUBLICIDAD\ROSSELOT PYME.mp3
\\radiolib\audio\PUBLICIDAD\FRASE INDAP 01.mp3
\\radiolib\audio\PUBLICIDAD\SALUDO - WALKER.mp3
\\radiolib\audio\PUBLICIDAD\SANTA SOFIA 2.mp3
\\radiolib\audio\PUBLICIDAD\CONFECCIONES GUS GUS.mp3
FUNERARIA LOS PALTOS 1
\\radiolib\audio\PUBLICIDAD\DEL PUENTE A LA ALAMEDA 02.mp3
\\Radiolib\(d) datos\AUDIO\PUBLICIDAD\SOPRAVAL 03.mp3
\\radiolib\audio\PUBLICIDAD\CLINICA SAN CRISTOBAL.mp3
\\radiolib\audio\PUBLICIDAD\CLEAN CENTER.mp3
\\radiolib\audio\PUBLICIDAD\CLINICA LOS LEONES - URGENCIAS.mp3
PRES HORA LIBRA FM AVISO
/TIME
\\radiolib\audio\PUBLICIDAD\CAMBIOS ACONCAGUA 01.mp3
\\Radiolib\(d) datos\AUDIO\RETORNO FRASES\Cuña Navidad 03.mp3
\\Radiolib\(d) datos\AUDIO\TARDE LIBRA\RETORNO 04 - TARDE DE LIBRA.mp3








/TANDA Tanda64   /18:26SF3
\\Radiolib\(d) datos\AUDIO\TARDE LIBRA\IDA A PAUSA - TARDE DE LIBRA.mp3
\\radiolib\audio\CALERA\NOTICIA LA CALERA 04.mp3
\\radiolib\audio\PUBLICIDAD\GREPSA TERRAVIDA.mp3
\\radiolib\audio\PUBLICIDAD\METAL ANA CANDIA.mp3
\\radiolib\audio\PUBLICIDAD\CLARO REGIONES.mp3
\\Radiolib\(d) datos\AUDIO\PUBLICIDAD\CLINICA LOS LEONES - URGENCIAS.mp3
\\radiolib\audio\PUBLICIDAD\GOBIERNO DE CHILE FICHA SOCIAL.mp3
\\radiolib\audio\PUBLICIDAD\MINSAL MENINGITIS.mp3
\\radiolib\audio\PUBLICIDAD\VALLE DEL ACONCAGUA_02.mp3
\\radiolib\audio\PUBLICIDAD\PROMO BAILABLE AÑO VUEVO.mp3
PRES HORA LIBRA FM
/TIME
\\Radiolib\(d) datos\AUDIO\RETORNO FRASES\Cuña Navidad 04.mp3
\\Radiolib\(d) datos\AUDIO\TARDE LIBRA\RETORNO 01 - TARDE DE LIBRA.mp3







/TANDA Tanda68   /18:57 SF0
\\Radiolib\(d) datos\AUDIO\TARDE LIBRA\DESPEDIDA - TARDE DE LIBRA.mp3
Anuncio CYC
\\radiolib\audio\PUBLICIDAD\FRASE REDES SOCIALES.mp3
D:\AUDIO\PUBLICIDAD\La casa del constructor 2.mp3
\\radiolib\audio\PUBLICIDAD\GOBIERNO DE CHILE FICHA SOCIAL.mp3
\\radiolib\audio\PUBLICIDAD\SUZUVAL LA CALERA 01.mp3
\\Radiolib\(d) datos\AUDIO\PUBLICIDAD\SOPRAVAL 04.mp3
\\radiolib\audio\PUBLICIDAD\FERIA NAVIDEÑA.mp3
\\radiolib\audio\PUBLICIDAD\DEL PUENTE A LA ALAMEDA 01.mp3
FUNERARIA LOS PALTOS 1
PRES HORA LIBRA FM
/TIME
Jingle Libra FM 104_7
\\Radiolib\(d) datos\AUDIO\CUÑAS SERG\01 - Presentacion Co-Auspicios CYC.mp3
PRES CYC





/TANDA Tanda50  /19:26 SF3
IDA A TANDA CYC I
\\radiolib\audio\PUBLICIDAD\BOTILLERIA LA PROMO.mp3
\\radiolib\audio\PUBLICIDAD\SEIDEMAN.mp3
\\radiolib\audio\PUBLICIDAD\SALUDO - WALKER.mp3
\\radiolib\audio\PUBLICIDAD\SII 01.mp3
\\radiolib\audio\PUBLICIDAD\CLINICA SAN CRISTOBAL.mp3
\\radiolib\audio\PUBLICIDAD\GREPSA MARY.mp3
PUERTO IDEAS
\\radiolib\audio\PUBLICIDAD\MACHELARI 2.mp3
EL RINCON DE JOSEFINA
\\radiolib\audio\PUBLICIDAD\CAMBIOS ACONCAGUA 01.mp3
PRES HORA LIBRA FM
/TIME
\\Radiolib\(d) datos\AUDIO\RETORNO FRASES\Cuña Navidad 05.mp3
VUELTA TANDA CYC I





/TANDA Tanda51  /19:55SF3
IDA A TANDA CYC II
\\radiolib\audio\PUBLICIDAD\VALLE DEL ACONCAGUA_03.mp3
\\radiolib\audio\PUBLICIDAD\MG GEOMINOR SERVICIO TECNICO.mp3
EL RINCON DE JOSEFINA - 1
CHILE MAT AGENCIA 4
\\radiolib\audio\PUBLICIDAD\DEL PUENTE A LA ALAMEDA 02.mp3
PRES HORA LIBRA FM AVISO
/TIME
\\radiolib\audio\PUBLICIDAD\CAMBIOS ACONCAGUA 02.mp3
\\Radiolib\(d) datos\AUDIO\RETORNO FRASES\Cuña Navidad 06.mp3
VUELTA TANDA CYC II





/TANDA Tanda52   /20:26 SF3
IDA A TANDA CYC III
\\radiolib\audio\CALERA\NOTICIA LA CALERA 01.mp3
\\radiolib\audio\PUBLICIDAD\SII ATENCION Y ASISTENCIA.mp3
\\radiolib\audio\PUBLICIDAD\CLINICA LOS LEONES - URGENCIAS.mp3
\\radiolib\audio\PUBLICIDAD\Seguros JM Ramirez.mp3
\\radiolib\audio\PUBLICIDAD\REGISTRO CIVIL 01.mp3
\\radiolib\audio\PUBLICIDAD\METAL ANA CANDIA.mp3
\\radiolib\audio\PUBLICIDAD\GREPSA TERRAVIDA.mp3
DISCENTRO 2
PRES HORA LIBRA FM
/TIME
\\Radiolib\(d) datos\AUDIO\RETORNO FRASES\Cuña Navidad 07.mp3
VUELTA TANDA CYC I





/TANDA Tanda53   /20:57 SF3
DESP CYC
\\Radiolib\(d) datos\AUDIO\CUÑAS SERG\02 - Despedida Co-Auspicios CYC.mp3
Cuña 104-7
\\radiolib\audio\PUBLICIDAD\SALUDO - WALKER.mp3
\\Radiolib\(d) datos\AUDIO\PUBLICIDAD\CLINICA LOS LEONES - OBESIDAD.mp3
\\radiolib\audio\PUBLICIDAD\PROMO BAILABLE AÑO VUEVO.mp3
PRES HORA LIBRA FM
/TIME
Jingle Libra FM 104_7

