/Tanda01  /00:00 SF4
\\radiolib\audio\LA NOCHE DE LIBRA\DESPEDIDA NOCHE DE LIBRA.mp3
Cuña 104-7
\\Radiolib\(d) datos\AUDIO\CORT NOT\Presentacion Resumen Libra Fm.mp3
RESUMEN
\\Radiolib\(d) datos\AUDIO\CORT NOT\Despedida Resumen Libra Fm.mp3
\\radiolib\audio\PUBLICIDAD\FRASE REDES SOCIALES.mp3
\\radiolib\audio\PUBLICIDAD\CONFECCIONES GUS GUS.mp3
\\Radiolib\(d) datos\AUDIO\PUBLICIDAD\CLINICA LOS LEONES - URGENCIAS.mp3
\\radiolib\audio\PUBLICIDAD\NISSAN TOP SALE MUJER.mp3
PRES HORA LIBRA FM
/TIME
Jingle Libra FM 104_7
Pres Madrugada



/TANDA Tanda02  /00:29 SF1
Cuña 104-7
\\radiolib\audio\PUBLICIDAD\NISSAN TOP SALE HOMBRE.mp3
PRES HORA LIBRA FM
/TIME
JINGLE CORTO






/TANDA Tanda03  /00:59 SF1
Cuña 104-7
\\Radiolib\(d) datos\AUDIO\PUBLICIDAD\CLINICA LOS LEONES - URGENCIAS.mp3
PRES NOT HORA FM
D:\audicom\audio\NOT HORA\noticia 01 hrs.mp3
DESP NOT HORA FM
PRES HORA LIBRA FM
/TIME
\\Radiolib\(d) datos\AUDIO\RETORNO FRASES\Cuña Primavera 01.mp3




/TANDA Tanda04  /01:29 SF1
Cuña 104-7
\\Radiolib\(d) datos\AUDIO\PUBLICIDAD\CLINICA LOS LEONES - INSTITUCIONAL.mp3
\\radiolib\audio\PUBLICIDAD\NISSAN TOP SALE MUJER.mp3
PRES HORA LIBRA FM
/TIME
JINGLE CORTO





/TANDA Tanda05  /01:59 SF1
Cuña 104-7
\\radiolib\audio\PUBLICIDAD\NISSAN TOP SALE HOMBRE.mp3
PRES NOT HORA FM
D:\audicom\audio\NOT HORA\noticia 02 hrs.mp3
DESP NOT HORA FM
PRES HORA LIBRA FM
/TIME
\\Radiolib\(d) datos\AUDIO\RETORNO FRASES\Cuña Primavera 02.mp3




/TANDA Tanda06  /02:29 SF1
Cuña 104-7
\\radiolib\audio\PUBLICIDAD\NISSAN TOP SALE MUJER.mp3
PRES HORA LIBRA FM
/TIME
JINGLE CORTO




/TANDA Tanda07  /02:59 SF5
Cuña 104-7
\\radiolib\audio\PUBLICIDAD\NISSAN TOP SALE HOMBRE.mp3
PRES NOT HORA FM
D:\audicom\audio\NOT HORA\noticia 03 hrs.mp3
DESP NOT HORA FM
PRES HORA LIBRA FM
/TIME
\\Radiolib\(d) datos\AUDIO\RETORNO FRASES\Cuña Primavera 03.mp3




/TANDA Tanda08  /03:29 SF1
Cuña 104-7
\\radiolib\audio\PUBLICIDAD\NISSAN TOP SALE MUJER.mp3
PRES HORA LIBRA FM
/TIME
JINGLE CORTO






/TANDA Tanda09  /03:59 SF3
Cuña 104-7
PRES NOT HORA FM
D:\audicom\audio\NOT HORA\noticia 04 hrs.mp3
DESP NOT HORA FM
\\radiolib\audio\PUBLICIDAD\FRASE REDES SOCIALES.mp3
PRES HORA LIBRA FM
/TIME
Jingle Libra FM 104_7
\\Radiolib\(d) datos\AUDIO\CUÑAS SERG\01 - Presentacion Co-Auspicios CYC.mp3
\\radiolib\audio\CLAS Y CONS\PRESENTACION CLASICOS Y CONSAGRA.wav






/TANDA Tanda08  /04:28 SF1
\\radiolib\audio\CLAS Y CONS\IDA A TANDA CYC I.mp3
\\radiolib\audio\PUBLICIDAD\NISSAN TOP SALE HOMBRE.mp3
PRES HORA LIBRA FM
/TIME
JINGLE CORTO
\\radiolib\audio\CLAS Y CONS\VUELTA TANDA CYC I.mp3






/TANDA Tanda10  /04:58 SF3
\\radiolib\audio\CLAS Y CONS\IDA A TANDA CYC II.mp3
PROMO AMERICA - CANTA
PRES NOT HORA FM
D:\audicom\audio\NOT HORA\noticia 05 hrs.mp3
DESP NOT HORA FM
PRES HORA LIBRA FM
/TIME
JINGLE CORTO
\\radiolib\audio\CLAS Y CONS\VUELTA TANDA CYC II.mp3



/TANDA Tanda08  /05:29 SF1
\\radiolib\audio\CLAS Y CONS\IDA A TANDA CYC I.mp3
\\radiolib\audio\PUBLICIDAD\NISSAN TOP SALE MUJER.mp3
PRES HORA LIBRA FM
/TIME
JINGLE CORTO
\\radiolib\audio\CLAS Y CONS\VUELTA TANDA CYC I.mp3




 


/TANDA Tanda13  /05:59SF3
Cuña 104-7
\\radiolib\audio\PUBLICIDAD\FRASE REDES SOCIALES.mp3
\\radiolib\audio\PUBLICIDAD\FRASE TELETON - VESTIRME.mp3
PRES HORA LIBRA FM
/TIME
Jingle Libra FM 104_7
\\Radiolib\(d) datos\AUDIO\COOPERATIVA\Presentacion - Diario De Cooperativa 06 AM.mp3
\\Radiolib\(d) datos\AUDIO\COOPERATIVA\Cortina - Espera De Conexion.mp3






/TANDA Tanda13   /06:57 SF3
Cuña 104-7
\\radiolib\audio\PUBLICIDAD\CONFECCIONES GUS GUS.mp3
VENEZIA
\\radiolib\audio\PUBLICIDAD\SUZUVAL LA CALERA 01.mp3
\\Radiolib\(d) datos\AUDIO\COOPERATIVA\Retorno - Diario De Cooperativa 06 AM.mp3






/TANDA Tanda14   /07:27 SF3
\\Radiolib\(d) datos\AUDIO\COOPERATIVA\Despedida - Diario De Cooperativa 06 AM.mp3
Cuña 104-7
\\radiolib\audio\PUBLICIDAD\CLINICA SAN CRISTOBAL.mp3
\\radiolib\audio\PUBLICIDAD\GREPSA TERRAVIDA.mp3
\\radiolib\audio\PUBLICIDAD\MACHELARI 2.mp3
DISCENTRO 2
EL RINCON DE JOSEFINA
NOTICIA LA CALERA 02
PRES HORA LIBRA FM
/TIME
Jingle Libra FM 104_7
\\Radiolib\(d) datos\AUDIO\CONTACTO AL DIA\PRESENTACION - CONTACTO AL DIA.mp3



/TANDA Tanda15  /07:57 SF3
\\Radiolib\(d) datos\AUDIO\CONTACTO AL DIA\IDA A PAUSA - CONTACTO AL DIA.mp3
EL RINCON DE JOSEFINA - 1
\\radiolib\audio\PUBLICIDAD\CONFECCIONES GUS GUS.mp3
\\radiolib\audio\PUBLICIDAD\PROPAGANDA - U.C.V..mp3
\\Radiolib\(d) datos\AUDIO\PUBLICIDAD\CLINICA LOS LEONES - LA LIGUA.mp3
PRES HORA LIBRA FM
/TIME
JINGLE CORTO
\\Radiolib\(d) datos\AUDIO\CONTACTO AL DIA\VUELTA DE PAUSA - CONTACTO AL DIA.mp3
CORTINA ENTREVISTADO DE HOY





/TANDA Tanda16   /08:27 SF3
\\Radiolib\(d) datos\AUDIO\CONTACTO AL DIA\DESPEDIDA - CONTACTO AL DIA.mp3
Anuncio Mañana De Libra
\\radiolib\audio\PUBLICIDAD\AUTOMOTORA - APSA.mp3
\\radiolib\audio\PUBLICIDAD\HOTEL OPEN DOMINGO.mp3
\\radiolib\audio\PUBLICIDAD\SEIDEMAN.mp3
\\radiolib\audio\PUBLICIDAD\VALLE DEL ACONCAGUA_01.mp3
\\Radiolib\(d) datos\AUDIO\PUBLICIDAD\CLINICA LOS LEONES - OBESIDAD.mp3
\\radiolib\audio\PUBLICIDAD\GREPSA MARY.mp3
FUNERARIA ELEN CAMPOS
\\radiolib\audio\PUBLICIDAD\Seguros JM Ramirez.mp3
\\radiolib\audio\PUBLICIDAD\FRASE REDES SOCIALES.mp3
PRES HORA LIBRA FM
/TIME
Jingle libra fm 104_7
\\Radiolib\(d) datos\AUDIO\MAÑANA LIBRA\PRESENTACION - MAÑANA DE LIBRA.mp3
\\radiolib\audio\MAÑANA LIBRA\01 - Presentacion Co-Auspicios Mañana.mp3










/TANDA Tanda17   /08:57 SF3
\\Radiolib\(d) datos\AUDIO\MAÑANA LIBRA\IDA A PAUSA - MAÑANA DE LIBRA.mp3
\\radiolib\audio\PUBLICIDAD\VALLE DEL ACONCAGUA_02.mp3
\\Radiolib\(d) datos\AUDIO\PUBLICIDAD\CLINICA LOS LEONES - URGENCIAS.mp3
CHILE MAT AGENCIA 4
ESVAL QUILLOTA
\\radiolib\audio\PUBLICIDAD\MINEDUC 01.mp3
\\radiolib\audio\PUBLICIDAD\SANTA SOFIA 1.mp3
\\radiolib\audio\PUBLICIDAD\HOTEL OPEN DOMINGO.mp3
\\radiolib\audio\PUBLICIDAD\CLINICA SAN CRISTOBAL.mp3
\\radiolib\audio\PUBLICIDAD\SUZUVAL LA CALERA 03.mp3
\\radiolib\audio\PUBLICIDAD\CAMPAÑA CHILE TE INFORMA MENINGITIS W-135.mp3
PRES HORA LIBRA FM
/TIME
\\Radiolib\(d) datos\AUDIO\MAÑANA LIBRA\RETORNO 01 - MAÑANA DE LIBRA.mp3










/TANDA Tanda18   /09:27 SF3
\\Radiolib\(d) datos\AUDIO\MAÑANA LIBRA\IDA A PAUSA - MAÑANA DE LIBRA.mp3
DISCENTRO 2
\\radiolib\audio\PUBLICIDAD\GREPSA TERRAVIDA.mp3
\\Radiolib\(d) datos\AUDIO\PUBLICIDAD\CLINICA LOS LEONES - OBESIDAD.mp3
\\radiolib\audio\PUBLICIDAD\COLEGIO LEONARDO DA VINCI.mp3
NOTICIA LA CALERA 01
PRES HORA LIBRA FM
/TIME
\\Radiolib\(d) datos\AUDIO\RETORNO FRASES\Cuña Primavera 04.mp3
\\Radiolib\(d) datos\AUDIO\MAÑANA LIBRA\RETORNO 01 - MAÑANA DE LIBRA.mp3









/TANDA Tanda19   /09:57 SF3
\\Radiolib\(d) datos\AUDIO\MAÑANA LIBRA\IDA A PAUSA - MAÑANA DE LIBRA.mp3
\\radiolib\audio\PUBLICIDAD\CLEAN CENTER.mp3
\\radiolib\audio\PUBLICIDAD\ARCHI - S.I.I. 1.mp3
\\radiolib\audio\PUBLICIDAD\FRASE CLARO MOTOROLA.mp3
\\radiolib\audio\PUBLICIDAD\AUTOMOTORA - APSA.mp3
\\Radiolib\(d) datos\AUDIO\PUBLICIDAD\CLINICA LOS LEONES - OBESIDAD.mp3
\\radiolib\audio\PUBLICIDAD\La casa del constructor 2.mp3
\\radiolib\audio\PUBLICIDAD\PROPAGANDA - U.C.V..mp3
\\radiolib\audio\PUBLICIDAD\DEGLI ITALIANI.mp3
\\radiolib\audio\PUBLICIDAD\CLINICA DENTAL SALUDENT.mp3
\\radiolib\audio\PUBLICIDAD\SANTA SOFIA 2.mp3
\\radiolib\audio\PUBLICIDAD\MINEDUC 02.mp3
\\radiolib\audio\PUBLICIDAD\VALLE DEL ACONCAGUA_03.mp3
\\radiolib\audio\PUBLICIDAD\ROSSELOT 01.mp3
PUERTO IDEAS
ESVAL QUILLOTA
FUNERARIA LOS PALTOS 2
PRES NOT HORA FM
D:\audicom\audio\NOT HORA\noticia 10 hrs
DESP NOT HORA FM
PRES HORA LIBRA FM
/TIME 
\\Radiolib\(d) datos\AUDIO\MAÑANA LIBRA\RETORNO 01 - MAÑANA DE LIBRA.mp3







/TANDA Tanda20   /10:27 SF3
\\Radiolib\(d) datos\AUDIO\MAÑANA LIBRA\IDA A PAUSA - MAÑANA DE LIBRA.mp3
\\radiolib\audio\MAÑANA LIBRA\02 - Despedida Co-Auspicios Mañana.mp3
NOTICIA LA CALERA 02
\\radiolib\audio\PUBLICIDAD\ENGLISH COLLEGE.mp3
\\Radiolib\(d) datos\AUDIO\PUBLICIDAD\CLINICA LOS LEONES - LA LIGUA.mp3
\\radiolib\audio\PUBLICIDAD\MACHELARI 2.mp3
\\radiolib\audio\PUBLICIDAD\SEIDEMAN.mp3
\\radiolib\audio\PUBLICIDAD\CLINICA SAN CRISTOBAL.mp3
FUNERARIA ELEN CAMPOS
Pres indi
indicadores economicos
PRES HORA LIBRA FM
/TIME
\\Radiolib\(d) datos\AUDIO\MAÑANA LIBRA\RETORNO 01 - MAÑANA DE LIBRA.mp3
\\radiolib\audio\MAÑANA LIBRA\03 - Presentacion Co-Auspicios Mañana.mp3






/TANDA Tanda21   /10:56 SF3
\\Radiolib\(d) datos\AUDIO\MAÑANA LIBRA\IDA A PAUSA - MAÑANA DE LIBRA (2º BLOQUE).mp3
\\radiolib\audio\PUBLICIDAD\Seguros JM Ramirez.mp3
\\Radiolib\(d) datos\AUDIO\PUBLICIDAD\CLINICA LOS LEONES - OBESIDAD.mp3
\\radiolib\audio\PUBLICIDAD\SANTA SOFIA 1.mp3
\\radiolib\audio\PUBLICIDAD\SUZUVAL LA CALERA 03.mp3
\\radiolib\audio\PUBLICIDAD\FRASE TELETON - CAMINAR.mp3
\\radiolib\audio\PUBLICIDAD\GREPSA MARY.mp3
\\radiolib\audio\PUBLICIDAD\MINEDUC 01.mp3
FUNERARIA LOS PALTOS 1
\\radiolib\audio\PUBLICIDAD\CLEAN CENTER.mp3
ESVAL QUILLOTA
\\radiolib\audio\PUBLICIDAD\CAMPAÑA CHILE TE INFORMA REPROGRAMACION FONDO SOLIDARIO.mp3
PRES NOT HORA FM
D:\audicom\audio\NOT HORA\noticia 11 hrs
DESP NOT HORA FM
PRES HORA LIBRA FM
/TIME
\\Radiolib\(d) datos\AUDIO\RETORNO FRASES\Cuña Primavera 01.mp3
\\Radiolib\(d) datos\AUDIO\MAÑANA LIBRA\RETORNO 01 - MAÑANA DE LIBRA.mp3









/TANDA Tanda22   /11:26 SF3
\\Radiolib\(d) datos\AUDIO\MAÑANA LIBRA\IDA A PAUSA - MAÑANA DE LIBRA (2º BLOQUE).mp3
\\radiolib\audio\PUBLICIDAD\DEGLI ITALIANI.mp3
\\Radiolib\(d) datos\AUDIO\PUBLICIDAD\CLINICA LOS LEONES - URGENCIAS.mp3
\\radiolib\audio\PUBLICIDAD\GREPSA TERRAVIDA.mp3
\\radiolib\audio\PUBLICIDAD\COLEGIO LEONARDO DA VINCI.mp3
DISCENTRO 2
PRES HORA LIBRA FM
/TIME
\\Radiolib\(d) datos\AUDIO\RETORNO FRASES\Cuña Primavera 02.mp3
\\Radiolib\(d) datos\AUDIO\MAÑANA LIBRA\RETORNO 01 - MAÑANA DE LIBRA.mp3








/TANDA Tanda23   /11:55 SF3
\\Radiolib\(d) datos\AUDIO\MAÑANA LIBRA\IDA A PAUSA - MAÑANA DE LIBRA (2º BLOQUE).mp3
\\Radiolib\(d) datos\AUDIO\PUBLICIDAD\SOPRAVAL 01.mp3
\\radiolib\audio\PUBLICIDAD\PROPAGANDA - U.C.V..mp3
\\radiolib\audio\PUBLICIDAD\CLEAN CENTER.mp3
\\radiolib\audio\PUBLICIDAD\ARCHI - S.I.I. 2.mp3
\\radiolib\audio\PUBLICIDAD\AUTOMOTORA - APSA.mp3
\\radiolib\audio\PUBLICIDAD\FRASE TELETON - VESTIRME.mp3
\\radiolib\audio\PUBLICIDAD\ROSSELOT 02.mp3
\\radiolib\audio\PUBLICIDAD\FRASE CLARO TELETON.mp3
\\radiolib\audio\PUBLICIDAD\DEGLI ITALIANI.mp3
\\Radiolib\(d) datos\AUDIO\PUBLICIDAD\CLINICA LOS LEONES - RESONANCIA.mp3
CHILE MAT AGENCIA 4
\\radiolib\audio\PUBLICIDAD\CLINICA SAN CRISTOBAL.mp3
\\radiolib\audio\PUBLICIDAD\ENGLISH COLLEGE.mp3
esval verano 2011
PRES NOT HORA FM
D:\audicom\audio\NOT HORA\noticia 12 hrs
DESP NOT HORA FM
PRES HORA LIBRA FM
/TIME
\\Radiolib\(d) datos\AUDIO\MAÑANA LIBRA\RETORNO 01 - MAÑANA DE LIBRA.mp3






/TANDA Tanda24   /12:27 SF3
\\radiolib\audio\MAÑANA LIBRA\04 - Despedida Co-Auspicios Mañana.mp3
\\Radiolib\(d) datos\AUDIO\MAÑANA LIBRA\DESPEDIDA - MAÑANA DE LIBRA.mp3
\\radiolib\audio\PUBLICIDAD\FRASE REDES SOCIALES.mp3
\\radiolib\audio\PUBLICIDAD\CENTRO RADIOLOGICO A. PINTO.mp3
\\radiolib\audio\PUBLICIDAD\DEGLI ITALIANI.mp3
\\radiolib\audio\PUBLICIDAD\HOTEL OPEN DOMINGO.mp3
\\radiolib\audio\PUBLICIDAD\SEIDEMAN.mp3
\\radiolib\audio\PUBLICIDAD\GREPSA MARY.mp3
FUNERARIA ELEN CAMPOS
PRES HORA LIBRA FM
/TIME
Cortina 12_30





/TANDA Tanda25   /12:56 SF3
Cuña 104-7
\\Radiolib\(d) datos\AUDIO\PUBLICIDAD\CLINICA LOS LEONES - RESONANCIA.mp3
\\radiolib\audio\PUBLICIDAD\CLEAN CENTER.mp3
EL RINCON DE JOSEFINA
FUNERARIA LOS PALTOS 1  
D:\AUDIO\PUBLICIDAD\La casa del constructor 2.mp3
PUERTO IDEAS
PRES HORA LIBRA FM
/TIME
JINGLE CORTO
\\Radiolib\(d) datos\AUDIO\COOPERATIVA\Presentacion - Diario De Cooperativa 06 AM.mp3
\\Radiolib\(d) datos\AUDIO\COOPERATIVA\Cortina - Espera De Conexion.mp3





/TANDA Tanda26   /13:27 SF3
Cuña 104-7
\\radiolib\audio\PUBLICIDAD\MACHELARI 2.mp3
\\radiolib\audio\PUBLICIDAD\GREPSA TERRAVIDA.mp3
\\radiolib\audio\PUBLICIDAD\CLINICA SAN CRISTOBAL.mp3
EL RINCON DE JOSEFINA - 1
NOTICIA LA CALERA 01
JINGLE CORTO
\\Radiolib\(d) datos\AUDIO\COOPERATIVA\Retorno - Diario De Cooperativa 06 AM.mp3



/TANDA Tanda27   /13:59 SF3
\\Radiolib\(d) datos\AUDIO\COOPERATIVA\Despedida - Diario De Cooperativa 14 PM.mp3
Cuña 104-7
\\radiolib\audio\PUBLICIDAD\FRASE REDES SOCIALES.mp3
\\radiolib\audio\PUBLICIDAD\AUTOMOTORA - APSA.mp3
\\radiolib\audio\PUBLICIDAD\VALLE DEL ACONCAGUA_04.mp3
\\radiolib\audio\PUBLICIDAD\VALLE DE ROMERAL.mp3
\\radiolib\audio\PUBLICIDAD\CONFECCIONES GUS GUS.mp3
\\Radiolib\(d) datos\AUDIO\PUBLICIDAD\CLINICA LOS LEONES - RESONANCIA.mp3
EL RINCON DE JOSEFINA
\\radiolib\audio\PUBLICIDAD\DEGLI ITALIANI.mp3
FUNERARIA LOS PALTOS 1
PRES HORA LIBRA FM
/TIME
Jingle libra fm 104_7
01 - Presentacion co-auspicios t
\\Radiolib\(d) datos\AUDIO\TARDE LIBRA\PRESENTACION - TARDE DE LIBRA.mp3









/TANDA Tanda31   /14:27 SF3
\\Radiolib\(d) datos\AUDIO\TARDE LIBRA\IDA A PAUSA - TARDE DE LIBRA.mp3
EL RINCON DE JOSEFINA - 1
NOTICIA LA CALERA 02
PRES HORA LIBRA FM
/TIME
\\Radiolib\(d) datos\AUDIO\RETORNO FRASES\Cuña Primavera 03.mp3
\\Radiolib\(d) datos\AUDIO\TARDE LIBRA\RETORNO 01 - TARDE DE LIBRA.mp3







/TANDA Tanda35   /14:56 SF3
\\Radiolib\(d) datos\AUDIO\TARDE LIBRA\IDA A PAUSA - TARDE DE LIBRA.mp3
DISCENTRO 2
\\radiolib\audio\PUBLICIDAD\CONFECCIONES GUS GUS.mp3
\\Radiolib\(d) datos\AUDIO\PUBLICIDAD\CLINICA LOS LEONES - RESONANCIA.mp3
FUNERARIA ELEN CAMPOS
\\radiolib\audio\PUBLICIDAD\FRASE CLARO MOTOROLA.mp3
\\radiolib\audio\PUBLICIDAD\MINEDUC 01.mp3
\\Radiolib\(d) datos\AUDIO\PUBLICIDAD\SOPRAVAL 02.mp3
\\radiolib\audio\PUBLICIDAD\ARCHI - S.I.I. 3.mp3
\\radiolib\audio\PUBLICIDAD\FRASE TELETON - BAÑARME.mp3
\\radiolib\audio\PUBLICIDAD\SUZUVAL LA CALERA 03.mp3
\\radiolib\audio\PUBLICIDAD\DEGLI ITALIANI.mp3
\\radiolib\audio\PUBLICIDAD\CAMPAÑA CHILE TE INFORMA MENINGITIS W-135.mp3
PRES NOT HORA FM
D:\audicom\audio\NOT HORA\noticia 15 hrs.mp3
DESP NOT HORA FM
PRES HORA LIBRA FM
/TIME
\\Radiolib\(d) datos\AUDIO\RETORNO FRASES\Cuña Primavera 04.mp3
\\Radiolib\(d) datos\AUDIO\TARDE LIBRA\RETORNO 02 - TARDE DE LIBRA.mp3











/TANDA Tanda39   /15:27 SF3
\\Radiolib\(d) datos\AUDIO\TARDE LIBRA\IDA A PAUSA - TARDE DE LIBRA.mp3
\\Radiolib\(d) datos\AUDIO\PUBLICIDAD\CLINICA LOS LEONES - LA LIGUA.mp3
\\radiolib\audio\PUBLICIDAD\GREPSA MARY.mp3
PRES HORA LIBRA FM
/TIME
\\Radiolib\(d) datos\AUDIO\RETORNO FRASES\Cuña Primavera 05.mp3
\\Radiolib\(d) datos\AUDIO\TARDE LIBRA\RETORNO 03 - TARDE DE LIBRA.mp3









/TANDA Tanda43   /15:55 SF3
\\Radiolib\(d) datos\AUDIO\TARDE LIBRA\IDA A PAUSA - TARDE DE LIBRA.mp3
\\radiolib\audio\PUBLICIDAD\SANTA SOFIA 2.mp3
\\radiolib\audio\PUBLICIDAD\ENGLISH COLLEGE.mp3
\\radiolib\audio\PUBLICIDAD\CONFECCIONES GUS GUS.mp3
\\radiolib\audio\PUBLICIDAD\AUTOMOTORA - APSA.mp3
\\radiolib\audio\PUBLICIDAD\CLEAN CENTER.mp3
\\radiolib\audio\PUBLICIDAD\CLINICA LOS LEONES - URGENCIAS.mp3
\\radiolib\audio\PUBLICIDAD\Seguros JM Ramirez.mp3
D:\AUDIO\PUBLICIDAD\La casa del constructor 2.mp3
\\radiolib\audio\PUBLICIDAD\COLEGIO LEONARDO DA VINCI.mp3
\\radiolib\audio\PUBLICIDAD\CAMPAÑA CHILE TE INFORMA REPROGRAMACION FONDO SOLIDARIO.mp3
PRES NOT HORA FM
D:\audicom\audio\NOT HORA\noticia 16 hrs.mp3
DESP NOT HORA FM
PRES HORA LIBRA FM
/TIME
\\Radiolib\(d) datos\AUDIO\RETORNO FRASES\Cuña Primavera 01.mp3
\\Radiolib\(d) datos\AUDIO\TARDE LIBRA\RETORNO 04 - TARDE DE LIBRA.mp3














/TANDA Tanda47   /16:25 SF3
\\Radiolib\(d) datos\AUDIO\TARDE LIBRA\IDA A PAUSA - TARDE DE LIBRA.mp3
\\radiolib\audio\PUBLICIDAD\MACHELARI 2.mp3
\\Radiolib\(d) datos\AUDIO\PUBLICIDAD\CLINICA LOS LEONES - URGENCIAS.mp3
\\radiolib\audio\PUBLICIDAD\GREPSA TERRAVIDA.mp3
\\radiolib\audio\PUBLICIDAD\CLINICA SAN CRISTOBAL.mp3
NOTICIA LA CALERA 01
FUNERARIA LOS PALTOS 2
\\radiolib\audio\PUBLICIDAD\VALLE DEL ACONCAGUA_01.mp3
PRES HORA LIBRA FM
/TIME
\\Radiolib\(d) datos\AUDIO\RETORNO FRASES\Cuña Primavera 02.mp3
\\Radiolib\(d) datos\AUDIO\TARDE LIBRA\RETORNO 01 - TARDE DE LIBRA.mp3









/TANDA Tanda52   /16:54 SF3
\\Radiolib\(d) datos\AUDIO\TARDE LIBRA\IDA A PAUSA - TARDE DE LIBRA.mp3
\\radiolib\audio\PUBLICIDAD\FRASE REDES SOCIALES.mp3
\\radiolib\audio\PUBLICIDAD\CONFECCIONES GUS GUS.mp3
\\radiolib\audio\PUBLICIDAD\MINEDUC 02.mp3
\\radiolib\audio\PUBLICIDAD\CLINICA LOS LEONES - URGENCIAS.mp3
\\radiolib\audio\PUBLICIDAD\SUZUVAL LA CALERA 02.mp3
\\radiolib\audio\PUBLICIDAD\SANTA SOFIA 1.mp3
\\radiolib\audio\PUBLICIDAD\SEIDEMAN.mp3
\\radiolib\audio\PUBLICIDAD\CAMPAÑA CHILE TE INFORMA SEGURIDAD CIUDADANA - VALPARAISO.mp3
PRES NOT HORA FM
D:\audicom\audio\NOT HORA\noticia 17 hrs.mp3
DESP NOT HORA FM
PRES HORA LIBRA FM
/TIME
\\Radiolib\(d) datos\AUDIO\TARDE LIBRA\RETORNO 02 - TARDE DE LIBRA.mp3








/TANDA Tanda56   /17:26SF3
\\Radiolib\(d) datos\AUDIO\TARDE LIBRA\IDA A PAUSA - TARDE DE LIBRA.mp3
NOTICIA LA CALERA 03
DISCENTRO 2
\\radiolib\audio\PUBLICIDAD\COLEGIO LEONARDO DA VINCI.mp3
\\radiolib\audio\PUBLICIDAD\GREPSA MARY.mp3
CHILE MAT AGENCIA 4
\\Radiolib\(d) datos\AUDIO\PUBLICIDAD\CLINICA LOS LEONES - LA LIGUA.mp3
PRES TIEMPO
TIEMPO 1
PRES HORA LIBRA FM
/TIME
\\Radiolib\(d) datos\AUDIO\RETORNO FRASES\Cuña Primavera 03.mp3
\\Radiolib\(d) datos\AUDIO\TARDE LIBRA\RETORNO 03 - TARDE DE LIBRA.mp3







/TANDA Tanda60   /17:55 SF3
\\Radiolib\(d) datos\AUDIO\TARDE LIBRA\IDA A PAUSA - TARDE DE LIBRA.mp3
\\radiolib\audio\PUBLICIDAD\ROSSELOT 03.mp3
\\radiolib\audio\PUBLICIDAD\SANTA SOFIA 2.mp3
\\radiolib\audio\PUBLICIDAD\CONFECCIONES GUS GUS.mp3
\\radiolib\audio\PUBLICIDAD\PROPAGANDA - U.C.V..mp3
\\radiolib\audio\PUBLICIDAD\ARCHI - S.I.I. 1.mp3
\\radiolib\audio\PUBLICIDAD\FRASE TELETON - CAMINAR.mp3
\\radiolib\audio\PUBLICIDAD\FRASE CLARO TELETON.mp3
FUNERARIA LOS PALTOS 1
\\Radiolib\(d) datos\AUDIO\PUBLICIDAD\SOPRAVAL 03.mp3
\\radiolib\audio\PUBLICIDAD\CLINICA SAN CRISTOBAL.mp3
\\radiolib\audio\PUBLICIDAD\CLEAN CENTER.mp3
\\radiolib\audio\PUBLICIDAD\CLINICA LOS LEONES - URGENCIAS.mp3
PRES NOT HORA FM
D:\audicom\audio\NOT HORA\noticia 18 hrs.mp3
DESP NOT HORA FM
PRES HORA LIBRA FM
/TIME
\\Radiolib\(d) datos\AUDIO\RETORNO FRASES\Cuña Primavera 04.mp3
\\Radiolib\(d) datos\AUDIO\TARDE LIBRA\RETORNO 04 - TARDE DE LIBRA.mp3








/TANDA Tanda64   /18:26SF3
\\Radiolib\(d) datos\AUDIO\TARDE LIBRA\IDA A PAUSA - TARDE DE LIBRA.mp3
\\radiolib\audio\PUBLICIDAD\GREPSA TERRAVIDA.mp3
\\Radiolib\(d) datos\AUDIO\PUBLICIDAD\CLINICA LOS LEONES - URGENCIAS.mp3
\\radiolib\audio\PUBLICIDAD\VALLE DEL ACONCAGUA_02.mp3
PRES HORA LIBRA FM
/TIME
\\Radiolib\(d) datos\AUDIO\RETORNO FRASES\Cuña Primavera 05.mp3
\\Radiolib\(d) datos\AUDIO\TARDE LIBRA\RETORNO 01 - TARDE DE LIBRA.mp3







/TANDA Tanda68   /18:51 SF0
\\Radiolib\(d) datos\AUDIO\TARDE LIBRA\DESPEDIDA - TARDE DE LIBRA.mp3
Cuña 104-7
\\Radiolib\(d) datos\AUDIO\CORT NOT\Presentacion Resumen Libra Fm.mp3
RESUMEN
\\Radiolib\(d) datos\AUDIO\CORT NOT\Despedida Resumen Libra Fm.mp3
Anuncio CYC
\\radiolib\audio\PUBLICIDAD\FRASE REDES SOCIALES.mp3
\\radiolib\audio\PUBLICIDAD\HOTEL OPEN DOMINGO.mp3
\\radiolib\audio\PUBLICIDAD\MINEDUC 01.mp3
\\radiolib\audio\PUBLICIDAD\CLINICA DENTAL SALUDENT.mp3
D:\AUDIO\PUBLICIDAD\La casa del constructor 2.mp3
\\radiolib\audio\PUBLICIDAD\SUZUVAL LA CALERA 01.mp3
\\Radiolib\(d) datos\AUDIO\PUBLICIDAD\SOPRAVAL 04.mp3
\\radiolib\audio\PUBLICIDAD\ENGLISH COLLEGE.mp3
FUNERARIA LOS PALTOS 1
PRES HORA LIBRA FM
/TIME
Jingle Libra FM 104_7
\\Radiolib\(d) datos\AUDIO\CUÑAS SERG\01 - Presentacion Co-Auspicios CYC.mp3
PRES CYC





/TANDA Tanda50  /19:26 SF3
IDA A TANDA CYC I
\\radiolib\audio\PUBLICIDAD\SEIDEMAN.mp3
\\radiolib\audio\PUBLICIDAD\CLINICA SAN CRISTOBAL.mp3
\\radiolib\audio\PUBLICIDAD\GREPSA MARY.mp3
NOTICIA LA CALERA 02
PUERTO IDEAS
\\radiolib\audio\PUBLICIDAD\MACHELARI 2.mp3
EL RINCON DE JOSEFINA
PRES HORA LIBRA FM
/TIME
\\Radiolib\(d) datos\AUDIO\RETORNO FRASES\Cuña Primavera 01.mp3
VUELTA TANDA CYC I





/TANDA Tanda51  /19:55SF3
IDA A TANDA CYC II
\\radiolib\audio\PUBLICIDAD\VALLE DEL ACONCAGUA_03.mp3
\\radiolib\audio\PUBLICIDAD\HOTEL OPEN DOMINGO.mp3
\\radiolib\audio\PUBLICIDAD\MG GEOMINOR SERVICIO TECNICO.mp3
EL RINCON DE JOSEFINA - 1
CHILE MAT AGENCIA 4
PRES NOT HORA FM
D:\audicom\audio\NOT HORA\noticia 20 hrs
DESP NOT HORA FM
PRES HORA LIBRA FM
/TIME
\\Radiolib\(d) datos\AUDIO\RETORNO FRASES\Cuña Primavera 02.mp3
VUELTA TANDA CYC II





/TANDA Tanda52   /20:26 SF3
IDA A TANDA CYC III
\\radiolib\audio\PUBLICIDAD\CLINICA LOS LEONES - URGENCIAS.mp3
\\radiolib\audio\PUBLICIDAD\Seguros JM Ramirez.mp3
\\radiolib\audio\PUBLICIDAD\GREPSA TERRAVIDA.mp3
DISCENTRO 2
NOTICIA LA CALERA 03
PRES HORA LIBRA FM
/TIME
\\Radiolib\(d) datos\AUDIO\RETORNO FRASES\Cuña Primavera 03.mp3
VUELTA TANDA CYC I





/TANDA Tanda53   /20:53 SF3
DESP CYC
\\Radiolib\(d) datos\AUDIO\CUÑAS SERG\02 - Despedida Co-Auspicios CYC.mp3
Cuña 104-7
\\Radiolib\(d) datos\AUDIO\CORT NOT\Presentacion Resumen Libra Fm.mp3
D:\audicom\audio\NOT HORA\noticia 21 hrs.mp3
\\Radiolib\(d) datos\AUDIO\CORT NOT\Despedida Resumen Libra Fm.mp3
\\radiolib\audio\PUBLICIDAD\FRASE REDES SOCIALES.mp3
\\radiolib\audio\PUBLICIDAD\CENTRO RADIOLOGICO A. PINTO.mp3
\\radiolib\audio\PUBLICIDAD\ARCHI - S.I.I. 2.mp3
\\Radiolib\(d) datos\AUDIO\PUBLICIDAD\CLINICA LOS LEONES - OBESIDAD.mp3
\\radiolib\audio\PUBLICIDAD\FRASE CLARO MOTOROLA.mp3
\\radiolib\audio\PUBLICIDAD\FRASE TELETON - VESTIRME.mp3
PRES HORA LIBRA FM
/TIME
Jingle Libra FM 104_7
01 - Presentacion co-auspicios n
PRESENTACION NOCHE DE LIBRA







/TANDA Tanda54   /21:27 SF3
Cuña 104-7
\\radiolib\audio\PUBLICIDAD\GREPSA MARY.mp3
\\Radiolib\(d) datos\AUDIO\PUBLICIDAD\CLINICA LOS LEONES - RESONANCIA.mp3
\\radiolib\audio\PUBLICIDAD\VALLE DEL ACONCAGUA_04.mp3
PRES HORA LIBRA FM
/TIME
\\Radiolib\(d) datos\AUDIO\RETORNO FRASES\Cuña Primavera 04.mp3







/TANDA Tanda55   /21:57 SF3
Cuña 104-7
\\radiolib\audio\PUBLICIDAD\MG GEOMINOR RENT A CAR.mp3
\\radiolib\audio\PUBLICIDAD\CONFECCIONES GUS GUS.mp3
\\Radiolib\(d) datos\AUDIO\PUBLICIDAD\CLINICA LOS LEONES - OBESIDAD.mp3
PRES NOT HORA FM
D:\audicom\audio\NOT HORA\noticia 22 hrs
DESP NOT HORA FM
PRES HORA LIBRA FM
/TIME
\\Radiolib\(d) datos\AUDIO\RETORNO FRASES\Cuña Primavera 05.mp3







/TANDA Tanda56   /22:27 SF3
Cuña 104-7
\\radiolib\audio\PUBLICIDAD\CLINICA LOS LEONES - URGENCIAS.mp3
\\radiolib\audio\PUBLICIDAD\GREPSA TERRAVIDA.mp3
FUNERARIA LOS PALTOS 1
PRES HORA LIBRA FM
/TIME
\\Radiolib\(d) datos\AUDIO\RETORNO FRASES\Cuña Primavera 01.mp3






/TANDA Tanda57   /22:57 SF3 
Cuña 104-7
\\radiolib\audio\PUBLICIDAD\GREPSA MARY.mp3
\\radiolib\audio\PUBLICIDAD\CONFECCIONES GUS GUS.mp3
\\Radiolib\(d) datos\AUDIO\PUBLICIDAD\CLINICA LOS LEONES - RESONANCIA.mp3
PRES NOT HORA FM
D:\audicom\audio\NOT HORA\noticia 23 hrs.mp3
DESP NOT HORA FM
PRES HORA LIBRA FM
/TIME
\\Radiolib\(d) datos\AUDIO\RETORNO FRASES\Cuña Primavera 02.mp3






/TANDA Tanda58   /23:27 SF3
Cuña 104-7
\\Radiolib\(d) datos\AUDIO\PUBLICIDAD\CLINICA LOS LEONES - LA LIGUA.mp3
PRES HORA LIBRA FM
/TIME
\\Radiolib\(d) datos\AUDIO\RETORNO FRASES\Cuña Primavera 03.mp3



