/Tanda01  /00:00 SF4
Cu人 104-7
\\Radiolib\(d) datos\AUDIO\PUBLICIDAD\CLINICA LOS LEONES - URGENCIAS.mp3
\\Radiolib\(d) datos\AUDIO\PUBLICIDAD\NISSAN 01 - CYC.mp3
PRES HORA LIBRA FM
/TIME
Jingle Libra FM 104_7



/TANDA Tanda02  /00:29 SF1
Cu人 104-7
\\Radiolib\(d) datos\AUDIO\PUBLICIDAD\NISSAN 01 - CYC.mp3
PRES HORA LIBRA FM
/TIME
JINGLE CORTO



/TANDA Tanda03  /00:59 SF1
Cu人 104-7
\\Radiolib\(d) datos\AUDIO\PUBLICIDAD\CLINICA LOS LEONES - URGENCIAS.mp3
PRES HORA LIBRA FM
/TIME
\\Radiolib\(d) datos\AUDIO\RETORNO FRASES\Cu人 Primavera 01.mp3




/TANDA Tanda04  /01:29 SF1
Cu人 104-7
\\Radiolib\(d) datos\AUDIO\PUBLICIDAD\CLINICA LOS LEONES - INSTITUCIONAL.mp3
\\Radiolib\(d) datos\AUDIO\PUBLICIDAD\NISSAN 01 - CYC.mp3
PRES HORA LIBRA FM
/TIME
JINGLE CORTO





/TANDA Tanda05  /01:59 SF1
Cu人 104-7
\\Radiolib\(d) datos\AUDIO\PUBLICIDAD\NISSAN 01 - CYC.mp3
PRES HORA LIBRA FM
/TIME
\\Radiolib\(d) datos\AUDIO\RETORNO FRASES\Cu人 Primavera 02.mp3




/TANDA Tanda06  /02:29 SF1
Cu人 104-7
\\Radiolib\(d) datos\AUDIO\PUBLICIDAD\NISSAN 01 - CYC.mp3
PRES HORA LIBRA FM
/TIME
JINGLE CORTO




/TANDA Tanda07  /02:59 SF5
Cu人 104-7
\\Radiolib\(d) datos\AUDIO\PUBLICIDAD\NISSAN 01 - CYC.mp3
PRES HORA LIBRA FM
/TIME
\\Radiolib\(d) datos\AUDIO\RETORNO FRASES\Cu人 Primavera 03.mp3




/TANDA Tanda08  /03:29 SF1
Cu人 104-7
\\Radiolib\(d) datos\AUDIO\PUBLICIDAD\NISSAN 01 - CYC.mp3
PRES HORA LIBRA FM
/TIME
JINGLE CORTO






/TANDA Tanda09  /03:59 SF3
Cu人 104-7
FRASE TELETON - VESTIRME
PRES HORA LIBRA FM
/TIME
Jingle Libra FM 104_7
\\Radiolib\(d) datos\AUDIO\CU헤S SERG\01 - Presentacion Co-Auspicios CYC.mp3
\\radiolib\audio\CLAS Y CONS\PRESENTACION CLASICOS Y CONSAGRA.wav






/TANDA Tanda08  /04:28 SF1
\\radiolib\audio\CLAS Y CONS\IDA A TANDA CYC I.mp3
\\Radiolib\(d) datos\AUDIO\PUBLICIDAD\NISSAN 01 - CYC.mp3
PRES HORA LIBRA FM
/TIME
JINGLE CORTO
\\radiolib\audio\CLAS Y CONS\VUELTA TANDA CYC I.mp3






/TANDA Tanda10  /04:58 SF3
\\radiolib\audio\CLAS Y CONS\IDA A TANDA CYC II.mp3
FRASE TELETON - BA헤RME
PRES HORA LIBRA FM
/TIME
JINGLE CORTO
\\radiolib\audio\CLAS Y CONS\VUELTA TANDA CYC II.mp3



/TANDA Tanda08  /05:29 SF1
\\radiolib\audio\CLAS Y CONS\IDA A TANDA CYC I.mp3
\\Radiolib\(d) datos\AUDIO\PUBLICIDAD\NISSAN 01 - CYC.mp3
PRES HORA LIBRA FM
/TIME
JINGLE CORTO
\\radiolib\audio\CLAS Y CONS\VUELTA TANDA CYC I.mp3




 


/TANDA Tanda13  /05:59SF3
Cu人 104-7
PRES HORA LIBRA FM
/TIME
Jingle Libra FM 104_7


/TANDA Tanda06  /06:27 SF1
Cu人 104-7
\\Radiolib\(d) datos\AUDIO\PUBLICIDAD\NISSAN 01 - CYC.mp3
PRES HORA LIBRA FM
/TIME
JINGLE CORTO




/TANDA Tanda13   /06:57 SF3
Cu人 104-7
VENEZIA
\\radiolib\audio\PUBLICIDAD\SUZUVAL LA CALERA 01.mp3
PRES HORA LIBRA FM
/TIME
JINGLE CORTO






/TANDA Tanda14   /07:27 SF3
Cu人 104-7
\\radiolib\audio\PUBLICIDAD\CLINICA SAN CRISTOBAL.mp3
\\radiolib\audio\PUBLICIDAD\GREPSA TERRAVIDA.mp3
\\radiolib\audio\PUBLICIDAD\MACHELARI 2.mp3
DISCENTRO 2
EL RINCON DE JOSEFINA
NOTICIA LA CALERA 01
PRES HORA LIBRA FM
/TIME
JINGLE CORTO



/TANDA Tanda15  /07:57 SF3
Cu人 104-7
EL RINCON DE JOSEFINA - 1
\\Radiolib\(d) datos\AUDIO\PUBLICIDAD\CLINICA LOS LEONES - LA LIGUA.mp3
\\Radiolib\(d) datos\AUDIO\PUBLICIDAD\PROPAGANDA - U.C.V..mp3
PRES HORA LIBRA FM
/TIME
JINGLE CORTO






/TANDA Tanda16   /08:27 SF3
Cu人 104-7
\\radiolib\audio\PUBLICIDAD\AUTOMOTORA - APSA.mp3
\\radiolib\audio\PUBLICIDAD\HOTEL OPEN 01.mp3
\\radiolib\audio\PUBLICIDAD\SEIDEMAN.mp3
\\radiolib\audio\PUBLICIDAD\VALLE DEL ACONCAGUA_01.mp3
\\Radiolib\(d) datos\AUDIO\PUBLICIDAD\CLINICA LOS LEONES - OBESIDAD.mp3
\\radiolib\audio\PUBLICIDAD\GREPSA MARY.mp3
FUNERARIA ELEN CAMPOS
\\radiolib\audio\PUBLICIDAD\Seguros JM Ramirez.mp3
PRES HORA LIBRA FM
/TIME
JINGLE CORTO









/TANDA Tanda17   /08:57 SF3
Cu人 104-7
\\radiolib\audio\PUBLICIDAD\VALLE DEL ACONCAGUA_02.mp3
\\Radiolib\(d) datos\AUDIO\PUBLICIDAD\CLINICA LOS LEONES - URGENCIAS.mp3
CHILE MAT AGENCIA 4
ESVAL QUILLOTA
\\radiolib\audio\PUBLICIDAD\SANTA SOFIA 1.mp3
\\radiolib\audio\PUBLICIDAD\HOTEL OPEN 02.mp3
\\radiolib\audio\PUBLICIDAD\CLINICA SAN CRISTOBAL.mp3
\\radiolib\audio\PUBLICIDAD\SUZUVAL LA CALERA 03.mp3
\\radiolib\audio\PUBLICIDAD\CAMPA헤 CHILE TE INFORMA REPROGRAMACION FONDO SOLIDARIO.mp3
PRES HORA LIBRA FM
/TIME
JINGLE CORTO










/TANDA Tanda18   /09:27 SF3
Cu人 104-7
DISCENTRO 2
\\radiolib\audio\PUBLICIDAD\LICEO ESCUTI ORREGO.mp3
\\radiolib\audio\PUBLICIDAD\GREPSA TERRAVIDA.mp3
\\Radiolib\(d) datos\AUDIO\PUBLICIDAD\CLINICA LOS LEONES - OBESIDAD.mp3
NOTICIA LA CALERA 02
PRES HORA LIBRA FM
/TIME
JINGLE CORTO









/TANDA Tanda19   /09:57 SF3
Cu人 104-7
\\radiolib\audio\PUBLICIDAD\CLEAN CENTER.mp3
\\radiolib\audio\PUBLICIDAD\AUTOMOTORA - APSA.mp3
\\radiolib\audio\PUBLICIDAD\EXPO FERIA 2012.mp3
\\Radiolib\(d) datos\AUDIO\PUBLICIDAD\CLINICA LOS LEONES - OBESIDAD.mp3
\\radiolib\audio\PUBLICIDAD\La casa del constructor 2.mp3
\\radiolib\audio\PUBLICIDAD\DEGLI ITALIANI.mp3
\\Radiolib\(d) datos\AUDIO\PUBLICIDAD\PROPAGANDA - U.C.V..mp3
\\radiolib\audio\PUBLICIDAD\SANTA SOFIA 2.mp3
\\radiolib\audio\PUBLICIDAD\VIVIR SANO 01.mp3
\\radiolib\audio\PUBLICIDAD\VALLE DEL ACONCAGUA_03.mp3
\\radiolib\audio\PUBLICIDAD\ROSSELOT 01.mp3
PUERTO IDEAS
ESVAL QUILLOTA
FUNERARIA LOS PALTOS 2
\\radiolib\audio\PUBLICIDAD\CAMPA헤 CHILE TE INFORMA REPROGRAMACION FONDO SOLIDARIO.mp3
PRES HORA LIBRA FM
/TIME 
\\Radiolib\(d) datos\AUDIO\RETORNO FRASES\Cu人 Primavera 05.mp3







/TANDA Tanda20   /10:27 SF3
Cu人 104-7
NOTICIA LA CALERA 03
\\Radiolib\(d) datos\AUDIO\PUBLICIDAD\CLINICA LOS LEONES - LA LIGUA.mp3
\\radiolib\audio\PUBLICIDAD\MACHELARI 2.mp3
\\radiolib\audio\PUBLICIDAD\SEIDEMAN.mp3
\\radiolib\audio\PUBLICIDAD\CLINICA SAN CRISTOBAL.mp3
FUNERARIA ELEN CAMPOS
PRES HORA LIBRA FM
/TIME
JINGLE CORTO






/TANDA Tanda21   /10:56 SF3
Cu人 104-7
\\radiolib\audio\PUBLICIDAD\Seguros JM Ramirez.mp3
\\Radiolib\(d) datos\AUDIO\PUBLICIDAD\CLINICA LOS LEONES - OBESIDAD.mp3
\\radiolib\audio\PUBLICIDAD\SANTA SOFIA 1.mp3
\\radiolib\audio\PUBLICIDAD\VIVIR SANO 02.mp3
\\radiolib\audio\PUBLICIDAD\SUZUVAL LA CALERA 02.mp3
\\radiolib\audio\PUBLICIDAD\GREPSA MARY.mp3
FUNERARIA LOS PALTOS 1
\\radiolib\audio\PUBLICIDAD\EXPO FERIA 2012 - 2.mp3
\\radiolib\audio\PUBLICIDAD\CLEAN CENTER.mp3
ESVAL QUILLOTA
\\radiolib\audio\PUBLICIDAD\CAMPA헤 CHILE TE INFORMA REPROGRAMACION FONDO SOLIDARIO.mp3
PRES HORA LIBRA FM
/TIME
\\Radiolib\(d) datos\AUDIO\RETORNO FRASES\Cu人 Primavera 01.mp3









/TANDA Tanda22   /11:26 SF3
Cu人 104-7
\\radiolib\audio\PUBLICIDAD\DEGLI ITALIANI.mp3
\\radiolib\audio\PUBLICIDAD\LICEO ESCUTI ORREGO.mp3
\\Radiolib\(d) datos\AUDIO\PUBLICIDAD\CLINICA LOS LEONES - URGENCIAS.mp3
\\radiolib\audio\PUBLICIDAD\GREPSA TERRAVIDA.mp3
DISCENTRO 2
PRES HORA LIBRA FM
/TIME
\\Radiolib\(d) datos\AUDIO\RETORNO FRASES\Cu人 Primavera 02.mp3








/TANDA Tanda23   /11:55 SF3
Cu人 104-7
\\Radiolib\(d) datos\AUDIO\PUBLICIDAD\SOPRAVAL 01.mp3
\\radiolib\audio\PUBLICIDAD\EXPO FERIA 2012 - 3.mp3
\\radiolib\audio\PUBLICIDAD\CLEAN CENTER.mp3
\\radiolib\audio\PUBLICIDAD\AUTOMOTORA - APSA.mp3
\\radiolib\audio\PUBLICIDAD\VIVIR SANO 03.mp3
\\radiolib\audio\PUBLICIDAD\ROSSELOT 02.mp3
\\radiolib\audio\PUBLICIDAD\DEGLI ITALIANI.mp3
\\Radiolib\(d) datos\AUDIO\PUBLICIDAD\CLINICA LOS LEONES - RESONANCIA.mp3
CHILE MAT AGENCIA 4
\\radiolib\audio\PUBLICIDAD\CLINICA SAN CRISTOBAL.mp3
\\Radiolib\(d) datos\AUDIO\PUBLICIDAD\PROPAGANDA - U.C.V..mp3
esval verano 2011
PRES HORA LIBRA FM
/TIME
JINGLE CORTO






/TANDA Tanda24   /12:27 SF3
Cu人 104-7
\\radiolib\audio\PUBLICIDAD\DEGLI ITALIANI.mp3
\\radiolib\audio\PUBLICIDAD\HOTEL OPEN 03.mp3
\\radiolib\audio\PUBLICIDAD\SEIDEMAN.mp3
\\radiolib\audio\PUBLICIDAD\GREPSA MARY.mp3
FUNERARIA ELEN CAMPOS
PRES HORA LIBRA FM
/TIME
JINGLE CORTO





/TANDA Tanda25   /12:56 SF3
Cu人 104-7
\\Radiolib\(d) datos\AUDIO\PUBLICIDAD\CLINICA LOS LEONES - RESONANCIA.mp3
\\radiolib\audio\PUBLICIDAD\CLEAN CENTER.mp3
EL RINCON DE JOSEFINA
FUNERARIA LOS PALTOS 1  
D:\AUDIO\PUBLICIDAD\La casa del constructor 2.mp3
PUERTO IDEAS
PRES HORA LIBRA FM
/TIME
JINGLE CORTO





/TANDA Tanda26   /13:27 SF3
Cu人 104-7
\\radiolib\audio\PUBLICIDAD\MACHELARI 2.mp3
\\radiolib\audio\PUBLICIDAD\GREPSA TERRAVIDA.mp3
\\radiolib\audio\PUBLICIDAD\CLINICA SAN CRISTOBAL.mp3
EL RINCON DE JOSEFINA - 1
NOTICIA LA CALERA 04
JINGLE CORTO




/TANDA Tanda27   /13:57 SF3
Cu人 104-7
\\radiolib\audio\PUBLICIDAD\AUTOMOTORA - APSA.mp3
\\radiolib\audio\PUBLICIDAD\VALLE DEL ACONCAGUA_04.mp3
\\Radiolib\(d) datos\AUDIO\PUBLICIDAD\CLINICA LOS LEONES - RESONANCIA.mp3
EL RINCON DE JOSEFINA
\\radiolib\audio\PUBLICIDAD\EXPO FERIA 2012 - 4.mp3
\\radiolib\audio\PUBLICIDAD\DEGLI ITALIANI.mp3
FUNERARIA LOS PALTOS 1
PRES HORA LIBRA FM
/TIME
JINGLE CORTO









/TANDA Tanda31   /14:28 SF3
Cu人 104-7
EL RINCON DE JOSEFINA - 1
NOTICIA LA CALERA 01
PRES HORA LIBRA FM
/TIME
\\Radiolib\(d) datos\AUDIO\RETORNO FRASES\Cu人 Primavera 03.mp3







/TANDA Tanda35   /14:56 SF3
Cu人 104-7
DISCENTRO 2
\\Radiolib\(d) datos\AUDIO\PUBLICIDAD\CLINICA LOS LEONES - RESONANCIA.mp3
FUNERARIA ELEN CAMPOS
\\Radiolib\(d) datos\AUDIO\PUBLICIDAD\SOPRAVAL 02.mp3
\\radiolib\audio\PUBLICIDAD\EXPO FERIA 2012 - 5.mp3
\\radiolib\audio\PUBLICIDAD\SUZUVAL LA CALERA 03.mp3
\\radiolib\audio\PUBLICIDAD\DEGLI ITALIANI.mp3
\\radiolib\audio\PUBLICIDAD\CAMPA헤 CHILE TE INFORMA REPROGRAMACION FONDO SOLIDARIO.mp3
PRES HORA LIBRA FM
/TIME
\\Radiolib\(d) datos\AUDIO\RETORNO FRASES\Cu人 Primavera 04.mp3











/TANDA Tanda39   /15:27 SF3
Cu人 104-7
\\Radiolib\(d) datos\AUDIO\PUBLICIDAD\CLINICA LOS LEONES - LA LIGUA.mp3
\\radiolib\audio\PUBLICIDAD\GREPSA MARY.mp3
PRES HORA LIBRA FM
/TIME
\\Radiolib\(d) datos\AUDIO\RETORNO FRASES\Cu人 Primavera 05.mp3









/TANDA Tanda43   /15:55 SF3
Cu人 104-7
\\radiolib\audio\PUBLICIDAD\SANTA SOFIA 2.mp3
\\radiolib\audio\PUBLICIDAD\EXPO FERIA 2012 - 6.mp3
\\radiolib\audio\PUBLICIDAD\AUTOMOTORA - APSA.mp3
\\radiolib\audio\PUBLICIDAD\CLEAN CENTER.mp3
\\radiolib\audio\PUBLICIDAD\CLINICA LOS LEONES - MES DEL CORAZON.mp3
\\radiolib\audio\PUBLICIDAD\Seguros JM Ramirez.mp3
D:\AUDIO\PUBLICIDAD\La casa del constructor 2.mp3
\\radiolib\audio\PUBLICIDAD\CAMPA헤 CHILE TE INFORMA REPROGRAMACION FONDO SOLIDARIO.mp3
PRES HORA LIBRA FM
/TIME
\\Radiolib\(d) datos\AUDIO\RETORNO FRASES\Cu人 Primavera 01.mp3














/TANDA Tanda47   /16:25 SF3
Cu人 104-7
\\radiolib\audio\PUBLICIDAD\MACHELARI 2.mp3
\\Radiolib\(d) datos\AUDIO\PUBLICIDAD\CLINICA LOS LEONES - URGENCIAS.mp3
\\radiolib\audio\PUBLICIDAD\GREPSA TERRAVIDA.mp3
\\radiolib\audio\PUBLICIDAD\CLINICA SAN CRISTOBAL.mp3
NOTICIA LA CALERA 02
FUNERARIA LOS PALTOS 2
\\radiolib\audio\PUBLICIDAD\VALLE DEL ACONCAGUA_01.mp3
PRES HORA LIBRA FM
/TIME
\\Radiolib\(d) datos\AUDIO\RETORNO FRASES\Cu人 Primavera 02.mp3









/TANDA Tanda52   /16:54 SF3
Cu人 104-7
\\radiolib\audio\PUBLICIDAD\EXPO FERIA 2012.mp3
\\radiolib\audio\PUBLICIDAD\CLINICA LOS LEONES - MES DEL CORAZON.mp3
\\radiolib\audio\PUBLICIDAD\SUZUVAL LA CALERA 02.mp3
\\radiolib\audio\PUBLICIDAD\SANTA SOFIA 1.mp3
\\radiolib\audio\PUBLICIDAD\SEIDEMAN.mp3
\\radiolib\audio\PUBLICIDAD\CAMPA헤 CHILE TE INFORMA REPROGRAMACION FONDO SOLIDARIO.mp3
PRES HORA LIBRA FM
/TIME
JINGLE CORTO








/TANDA Tanda56   /17:26SF3
Cu人 104-7
NOTICIA LA CALERA 03
DISCENTRO 2
\\radiolib\audio\PUBLICIDAD\GREPSA MARY.mp3
CHILE MAT AGENCIA 4
\\Radiolib\(d) datos\AUDIO\PUBLICIDAD\CLINICA LOS LEONES - LA LIGUA.mp3
PRES HORA LIBRA FM
/TIME
\\Radiolib\(d) datos\AUDIO\RETORNO FRASES\Cu人 Primavera 03.mp3







/TANDA Tanda60   /17:55 SF3
Cu人 104-7
\\Radiolib\(d) datos\AUDIO\PUBLICIDAD\PROPAGANDA - U.C.V..mp3
\\radiolib\audio\PUBLICIDAD\ROSSELOT 03.mp3
\\radiolib\audio\PUBLICIDAD\SANTA SOFIA 2.mp3
FUNERARIA LOS PALTOS 1
\\Radiolib\(d) datos\AUDIO\PUBLICIDAD\SOPRAVAL 03.mp3
\\radiolib\audio\PUBLICIDAD\CLINICA SAN CRISTOBAL.mp3
\\radiolib\audio\PUBLICIDAD\VIVIR SANO 04.mp3
\\radiolib\audio\PUBLICIDAD\EXPO FERIA 2012 - 2.mp3
\\radiolib\audio\PUBLICIDAD\CLEAN CENTER.mp3
\\radiolib\audio\PUBLICIDAD\CLINICA LOS LEONES - MES DEL CORAZON.mp3
PRES HORA LIBRA FM
/TIME
\\Radiolib\(d) datos\AUDIO\RETORNO FRASES\Cu人 Primavera 04.mp3








/TANDA Tanda64   /18:26SF3
Cu人 104-7
\\radiolib\audio\PUBLICIDAD\GREPSA TERRAVIDA.mp3
\\Radiolib\(d) datos\AUDIO\PUBLICIDAD\CLINICA LOS LEONES - URGENCIAS.mp3
\\radiolib\audio\PUBLICIDAD\VALLE DEL ACONCAGUA_02.mp3
PRES HORA LIBRA FM
/TIME
\\Radiolib\(d) datos\AUDIO\RETORNO FRASES\Cu人 Primavera 05.mp3







/TANDA Tanda68   /18:57 SF0
Cu人 104-7
Anuncio CYC
\\radiolib\audio\PUBLICIDAD\LICEO ESCUTI ORREGO.mp3
\\radiolib\audio\PUBLICIDAD\EXPO FERIA 2012 - 3.mp3
\\radiolib\audio\PUBLICIDAD\HOTEL OPEN 04.mp3
D:\AUDIO\PUBLICIDAD\La casa del constructor 2.mp3
\\radiolib\audio\PUBLICIDAD\SUZUVAL LA CALERA 03.mp3
\\Radiolib\(d) datos\AUDIO\PUBLICIDAD\SOPRAVAL 04.mp3
\\radiolib\audio\PUBLICIDAD\VIVIR SANO 05.mp3
FUNERARIA LOS PALTOS 1
PRES HORA LIBRA FM
/TIME
Jingle Libra FM 104_7
\\Radiolib\(d) datos\AUDIO\CU헤S SERG\01 - Presentacion Co-Auspicios CYC.mp3
PRES CYC





/TANDA Tanda50  /19:26 SF3
IDA A TANDA CYC I
\\radiolib\audio\PUBLICIDAD\SEIDEMAN.mp3
\\radiolib\audio\PUBLICIDAD\CLINICA SAN CRISTOBAL.mp3
\\radiolib\audio\PUBLICIDAD\GREPSA MARY.mp3
NOTICIA LA CALERA 04
PUERTO IDEAS
\\radiolib\audio\PUBLICIDAD\MACHELARI 2.mp3
EL RINCON DE JOSEFINA
PRES HORA LIBRA FM
/TIME
\\Radiolib\(d) datos\AUDIO\RETORNO FRASES\Cu人 Primavera 01.mp3
VUELTA TANDA CYC I





/TANDA Tanda51  /19:55SF3
IDA A TANDA CYC II
\\radiolib\audio\PUBLICIDAD\VALLE DEL ACONCAGUA_03.mp3
\\radiolib\audio\PUBLICIDAD\HOTEL OPEN 01.mp3
\\radiolib\audio\PUBLICIDAD\MG GEOMINOR SERVICIO TECNICO.mp3
EL RINCON DE JOSEFINA - 1
CHILE MAT AGENCIA 4
\\radiolib\audio\PUBLICIDAD\EXPO FERIA 2012 - 4.mp3
PRES HORA LIBRA FM
/TIME
\\Radiolib\(d) datos\AUDIO\RETORNO FRASES\Cu人 Primavera 02.mp3
VUELTA TANDA CYC II





/TANDA Tanda52   /20:26 SF3
IDA A TANDA CYC III
\\radiolib\audio\PUBLICIDAD\CLINICA LOS LEONES - MES DEL CORAZON.mp3
\\radiolib\audio\PUBLICIDAD\Seguros JM Ramirez.mp3
\\radiolib\audio\PUBLICIDAD\GREPSA TERRAVIDA.mp3
DISCENTRO 2
\\radiolib\audio\PUBLICIDAD\LICEO ESCUTI ORREGO.mp3
NOTICIA LA CALERA 01
PRES HORA LIBRA FM
/TIME
\\Radiolib\(d) datos\AUDIO\RETORNO FRASES\Cu人 Primavera 03.mp3
VUELTA TANDA CYC I





/TANDA Tanda53   /20:56 SF3
DESP CYC
\\Radiolib\(d) datos\AUDIO\CU헤S SERG\02 - Despedida Co-Auspicios CYC.mp3
Cu人 104-7
\\Radiolib\(d) datos\AUDIO\PUBLICIDAD\CLINICA LOS LEONES - OBESIDAD.mp3
PRES HORA LIBRA FM
/TIME
Jingle Libra FM 104_7







/TANDA Tanda54   /21:27 SF3
Cu人 104-7
\\radiolib\audio\PUBLICIDAD\GREPSA MARY.mp3
\\Radiolib\(d) datos\AUDIO\PUBLICIDAD\CLINICA LOS LEONES - RESONANCIA.mp3
\\radiolib\audio\PUBLICIDAD\VALLE DEL ACONCAGUA_04.mp3
PRES HORA LIBRA FM
/TIME
\\Radiolib\(d) datos\AUDIO\RETORNO FRASES\Cu人 Primavera 04.mp3







/TANDA Tanda55   /21:57 SF3
Cu人 104-7
\\radiolib\audio\PUBLICIDAD\MG GEOMINOR RENT A CAR.mp3
\\Radiolib\(d) datos\AUDIO\PUBLICIDAD\CLINICA LOS LEONES - OBESIDAD.mp3
PRES HORA LIBRA FM
/TIME
\\Radiolib\(d) datos\AUDIO\RETORNO FRASES\Cu人 Primavera 05.mp3







/TANDA Tanda56   /22:27 SF3
Cu人 104-7
\\radiolib\audio\PUBLICIDAD\CLINICA LOS LEONES - MES DEL CORAZON.mp3
\\radiolib\audio\PUBLICIDAD\GREPSA TERRAVIDA.mp3
FUNERARIA LOS PALTOS 1
PRES HORA LIBRA FM
/TIME
\\Radiolib\(d) datos\AUDIO\RETORNO FRASES\Cu人 Primavera 01.mp3






/TANDA Tanda57   /22:57 SF3 
Cu人 104-7
\\radiolib\audio\PUBLICIDAD\GREPSA MARY.mp3
\\Radiolib\(d) datos\AUDIO\PUBLICIDAD\CLINICA LOS LEONES - RESONANCIA.mp3
PRES HORA LIBRA FM
/TIME
\\Radiolib\(d) datos\AUDIO\RETORNO FRASES\Cu人 Primavera 02.mp3






/TANDA Tanda58   /23:27 SF3
Cu人 104-7
\\Radiolib\(d) datos\AUDIO\PUBLICIDAD\CLINICA LOS LEONES - LA LIGUA.mp3
PRES HORA LIBRA FM
/TIME
\\Radiolib\(d) datos\AUDIO\RETORNO FRASES\Cu人 Primavera 03.mp3



